# setting LC_ALL to "C"
# --> Including file '/afs/cern.ch/work/a/aalfonso/private/moore_upgrade/Moore_Scripts/KstG.py'
# <-- End of file '/afs/cern.ch/work/a/aalfonso/private/moore_upgrade/Moore_Scripts/KstG.py'
# --> Including file '/afs/cern.ch/work/a/aalfonso/private/moore_upgrade/Moore_Scripts/AllLines.py'
# Disabling python logging messages below threshold
/***** User ApplicationOptions/ApplicationOptions **************************************************
|-data_flow_file        = 'output/KstG/data_flow.gv'  (default: 'data_flow.gv')
|-n_event_slots         = 1  (default: -1)
|-buffer_events         = 20000  (default: 20000)
|-n_threads             = 1  (default: 1)
|-scheduler_legacy_mode = True  (default: True)
|-input_type            = 'ROOT'  (default: '')
|-output_file           = 'output/KstG/KstG.mdst'  (default: '')
|-event_store           = 'HiveWhiteBoard'  (default: 'HiveWhiteBoard')
|-dddb_tag              = 'dddb-20171126'  (default: '')
|-control_flow_file     = 'output/KstG/control_flow.gv'  (default: 'control_flow.gv')
|-use_iosvc             = False  (default: False)
|-evt_max               = -1  (default: -1)
|-python_logging_level  = 30  (default: 30)
|-callgrind_profile     = False  (default: False)
|-data_type             = 'Upgrade'  (default: 'Upgrade')
|-input_raw_format      = 4.3  (default: 0.3)
|-msg_svc_format        = '% F%35W%S %7W%R%T %0W%M'  (default: '% F%35W%S %7W%R%T %0W%M')
|-ntuple_file           = ''  (default: '')
|-conddb_tag            = 'sim-20171127-vc-md100'  (default: '')
|-input_files           = ['root://x509up_u98003@eoslhcb.cern.ch//eos/lhcb/grid/prod/lhcb/MC/Upgrade/LDST/00075829/0000/00075829_00000001_1.ldst', 'root://x509up_u98003@eoslhcb.cern.ch//eos/lhcb/grid/prod/lhcb/MC/Upgrade/LDST/00075829/0000/00075829_00000003_1.ldst', 'root://x509up_u98003@eoslhcb.cern.ch//eos/lhcb/grid/prod/lhcb/MC/Upgrade/LDST/00075829/0000/00075829_00000022_1.ldst', 'root://xrootd-lhcb.cr.cnaf.infn.it//storage/gpfs_lhcb/lhcb/disk/MC/Upgrade/LDST/00075829/0000/00075829_00000026_1.ldst', 'root://xrootd-lhcb.cr.cnaf.infn.it//storage/gpfs_lhcb/lhcb/disk/MC/Upgrade/LDST/00075829/0000/00075829_00000031_1.ldst', 'root://x509up_u98003@lhcbxrootd-kit.gridka.de//pnfs/gridka.de/lhcb/MC/Upgrade/LDST/00075829/0000/00075829_00000004_1.ldst', 'root://x509up_u98003@lhcbxrootd-kit.gridka.de//pnfs/gridka.de/lhcb/MC/Upgrade/LDST/00075829/0000/00075829_00000005_1.ldst', 'root://x509up_u98003@lhcbxrootd-kit.gridka.de//pnfs/gridka.de/lhcb/MC/Upgrade/LDST/00075829/0000/00075829_00000023_1.ldst', 'root://x509up_u98003@lhcbxrootd-kit.gridka.de//pnfs/gridka.de/lhcb/MC/Upgrade/LDST/00075829/0000/00075829_00000032_1.ldst', 'root://x509up_u98003@ccxrootdlhcb.in2p3.fr//pnfs/in2p3.fr/data/lhcb/MC/Upgrade/LDST/00075829/0000/00075829_00000007_1.ldst', 'root://x509up_u98003@ccxrootdlhcb.in2p3.fr//pnfs/in2p3.fr/data/lhcb/MC/Upgrade/LDST/00075829/0000/00075829_00000008_1.ldst', 'root://x509up_u98003@ccxrootdlhcb.in2p3.fr//pnfs/in2p3.fr/data/lhcb/MC/Upgrade/LDST/00075829/0000/00075829_00000009_1.ldst', 'root://x509up_u98003@ccxrootdlhcb.in2p3.fr//pnfs/in2p3.fr/data/lhcb/MC/Upgrade/LDST/00075829/0000/00075829_00000010_1.ldst', 'root://x509up_u98003@ccxrootdlhcb.in2p3.fr//pnfs/in2p3.fr/data/lhcb/MC/Upgrade/LDST/00075829/0000/00075829_00000011_1.ldst', 'root://x509up_u98003@ccxrootdlhcb.in2p3.fr//pnfs/in2p3.fr/data/lhcb/MC/Upgrade/LDST/00075829/0000/00075829_00000012_1.ldst', 'root://x509up_u98003@ccxrootdlhcb.in2p3.fr//pnfs/in2p3.fr/data/lhcb/MC/Upgrade/LDST/00075829/0000/00075829_00000013_1.ldst', 'root://x509up_u98003@ccxrootdlhcb.in2p3.fr//pnfs/in2p3.fr/data/lhcb/MC/Upgrade/LDST/00075829/0000/00075829_00000014_1.ldst', 'root://x509up_u98003@ccxrootdlhcb.in2p3.fr//pnfs/in2p3.fr/data/lhcb/MC/Upgrade/LDST/00075829/0000/00075829_00000015_1.ldst', 'root://x509up_u98003@ccxrootdlhcb.in2p3.fr//pnfs/in2p3.fr/data/lhcb/MC/Upgrade/LDST/00075829/0000/00075829_00000016_1.ldst', 'root://x509up_u98003@ccxrootdlhcb.in2p3.fr//pnfs/in2p3.fr/data/lhcb/MC/Upgrade/LDST/00075829/0000/00075829_00000017_1.ldst', 'root://x509up_u98003@ccxrootdlhcb.in2p3.fr//pnfs/in2p3.fr/data/lhcb/MC/Upgrade/LDST/00075829/0000/00075829_00000018_1.ldst', 'root://x509up_u98003@ccxrootdlhcb.in2p3.fr//pnfs/in2p3.fr/data/lhcb/MC/Upgrade/LDST/00075829/0000/00075829_00000019_1.ldst', 'root://x509up_u98003@xrootd.pic.es//pnfs/pic.es/data/lhcb/MC/Upgrade/LDST/00075829/0000/00075829_00000020_1.ldst', 'root://xrootd.echo.stfc.ac.uk/lhcb:prod/lhcb/MC/Upgrade/LDST/00075829/0000/00075829_00000021_1.ldst', 'root://xrootd.echo.stfc.ac.uk/lhcb:prod/lhcb/MC/Upgrade/LDST/00075829/0000/00075829_00000028_1.ldst', 'root://lhcbsdrm.t1.grid.kiae.ru:1094/t1.grid.kiae.ru/data/lhcb/lhcbdisk/lhcb/MC/Upgrade/LDST/00075829/0000/00075829_00000024_1.ldst', 'root://lhcbsdrm.t1.grid.kiae.ru:1094/t1.grid.kiae.ru/data/lhcb/lhcbdisk/lhcb/MC/Upgrade/LDST/00075829/0000/00075829_00000029_1.ldst', 'root://hake7.grid.surfsara.nl:1094/pnfs/grid.sara.nl/data/lhcb/MC/Upgrade/LDST/00075829/0000/00075829_00000025_1.ldst', 'root://lobster4.grid.surfsara.nl:1094/pnfs/grid.sara.nl/data/lhcb/MC/Upgrade/LDST/00075829/0000/00075829_00000034_1.ldst']
|                       (default: [])
|-memory_pool_size      = 10485760  (default: 10485760)
|-print_freq            = 10000  (default: 10000)
|-simulation            = True  (default: True)
|-output_level          = 3  (default: 3)
|-histo_file            = ''  (default: '')
|-output_type           = 'ROOT'  (default: '')
|-msg_svc_time_format   = '%Y-%m-%d %H:%M:%S UTC'  (default: '%Y-%m-%d %H:%M:%S UTC')
\----- (End of User ApplicationOptions/ApplicationOptions) -----------------------------------------
ApplicationMgr    SUCCESS 
====================================================================================================================================
                                                   Welcome to Moore version v51r0
                                          running on lxplus724.cern.ch on Tue Jun  2 12:44:37 2020
====================================================================================================================================
ApplicationMgr       INFO Application Manager Configured successfully
ToolSvc.GitDDDB                        INFO opening Git repository '/cvmfs/lhcb.cern.ch/lib/lhcb/git-conddb/DDDB.git'
ToolSvc.GitDDDB                        INFO using commit 'upgrade/dddb-20171126' corresponding to 3ca3610ca2465697d0ee7666bc3a8bc2f5c88438
ToolSvc.GitSIMCOND                     INFO opening Git repository '/cvmfs/lhcb.cern.ch/lib/lhcb/git-conddb/SIMCOND.git'
ToolSvc.GitSIMCOND                     INFO using commit 'upgrade/sim-20171127-vc-md100' corresponding to 143109bc764c9a5cb34a04ce227d005e20236caa
DetectorPersistencySvc                 INFO Added successfully Conversion service:XmlCnvSvc
DetectorDataSvc                     SUCCESS Detector description database: git:/lhcb.xml
HLTControlFlowMgr                      INFO Start initialization
ChargedProtoCombineDLLsAlg             INFO Using retuned RICH el and mu DLL values in combined DLLs
FunctionalParticleMaker#2.LoKi::...    INFO CUT: ' ( (TrTYPE==3) &TrALL) ' 
EventClockSvc.FakeEventTime            INFO Event times generated from 0 with steps of 0
EventClockSvc.FakeEventTime            INFO Run numbers generated from 0 every 0 events
MagneticFieldSvc                       INFO Opened magnetic field file : /cvmfs/lhcb.cern.ch/lib/lhcb/DBASE/FieldMap/v5r7/cdf/field.v5r0.c1.down.cdf
MagneticFieldSvc                       INFO Opened magnetic field file : /cvmfs/lhcb.cern.ch/lib/lhcb/DBASE/FieldMap/v5r7/cdf/field.v5r0.c2.down.cdf
MagneticFieldSvc                       INFO Opened magnetic field file : /cvmfs/lhcb.cern.ch/lib/lhcb/DBASE/FieldMap/v5r7/cdf/field.v5r0.c3.down.cdf
MagneticFieldSvc                       INFO Opened magnetic field file : /cvmfs/lhcb.cern.ch/lib/lhcb/DBASE/FieldMap/v5r7/cdf/field.v5r0.c4.down.cdf
MagneticFieldSvc                       INFO Map scaled by factor 1 with polarity internally used: -1 signed relative current: -1
PhotonMakerAlg.PhotonMaker             INFO  Following technique(s) will be used for CL evaluation : [IsNotH]
PhotonMakerAlg.PhotonMaker             INFO  Switch to [PhotonDLL] if one technique is not available 
FunctionalParticleMaker#3.LoKi::...    INFO CUT: ' ( (TrTYPE==3) &TrALL) ' 
bankKiller                          SUCCESS bankKiller : all banks of type 'HltDecReports' will be removed.
bankKiller                          SUCCESS bankKiller : all banks of type 'HltSelReports' will be removed.
bankKiller                          SUCCESS bankKiller : all banks of type 'HltLumiSummary' will be removed.
bankKiller                          SUCCESS bankKiller : all banks of type 'HltRoutingBits' will be removed.
bankKiller                             INFO Killing banks from first raw event in '[/Event/Trigger/RawEvent, /Event/Unstripped/RawEvent]'
EventPersistencySvc                    INFO Added successfully Conversion service:RootCnvSvc
OutputStream                           INFO Data source: EventDataSvc output: DATAFILE='output/KstG/KstG.mdst' SVC='Gaudi::RootCnvSvc' OPT='RECREATE'
HiveDataBrokerSvc                   WARNING non-reentrant algorithm: UnpackRecVertex/UnpackRecVertices
HiveDataBrokerSvc                   WARNING non-reentrant algorithm: UnpackCaloHypo/UnpackCaloElectrons
HiveDataBrokerSvc                   WARNING non-reentrant algorithm: UnpackCaloHypo/UnpackCaloPhotons
HiveDataBrokerSvc                   WARNING non-reentrant algorithm: UnpackCaloHypo/UnpackCaloMergedPi0s
HiveDataBrokerSvc                   WARNING non-reentrant algorithm: UnpackCaloHypo/UnpackCaloSplitPhotons
HiveDataBrokerSvc                   WARNING non-reentrant algorithm: DataPacking::Unpack<LHCb::MuonPIDPacker>/UnpackMuonPIDs
HiveDataBrokerSvc                   WARNING non-reentrant algorithm: DataPacking::Unpack<LHCb::RichPIDPacker>/UnpackRichPIDs
HiveDataBrokerSvc                   WARNING non-reentrant algorithm: UnpackProtoParticle/UnpackNeutralProtos
HiveDataBrokerSvc                   WARNING non-reentrant algorithm: UnpackProtoParticle/UnpackChargedProtos
HiveDataBrokerSvc                   WARNING non-reentrant algorithm: ChargedProtoParticleAddRichInfo
HiveDataBrokerSvc                   WARNING non-reentrant algorithm: ChargedProtoParticleAddMuonInfo
HiveDataBrokerSvc                   WARNING non-reentrant algorithm: ChargedProtoCombineDLLsAlg
HiveDataBrokerSvc                   WARNING non-reentrant algorithm: FilterDesktop/FilterDesktop#2
HiveDataBrokerSvc                   WARNING non-reentrant algorithm: CombineParticles
HiveDataBrokerSvc                   WARNING non-reentrant algorithm: PhotonMakerAlg
HiveDataBrokerSvc                   WARNING non-reentrant algorithm: FilterDesktop/FilterDesktop#3
HiveDataBrokerSvc                   WARNING non-reentrant algorithm: CombineParticles/CombineParticles#1
HiveDataBrokerSvc                   WARNING non-reentrant algorithm: FilterDesktop/FilterDesktop#4
HiveDataBrokerSvc                   WARNING non-reentrant algorithm: FilterDesktop/FilterDesktop#5
HiveDataBrokerSvc                   WARNING non-reentrant algorithm: CombineParticles/CombineParticles#2
HiveDataBrokerSvc                   WARNING non-reentrant algorithm: CombineParticles/CombineParticles#3
HiveDataBrokerSvc                   WARNING non-reentrant algorithm: FilterDesktop/FilterDesktop#6
HiveDataBrokerSvc                   WARNING non-reentrant algorithm: FilterDesktop/FilterDesktop#7
HiveDataBrokerSvc                   WARNING non-reentrant algorithm: CombineParticles/CombineParticles#4
HiveDataBrokerSvc                   WARNING non-reentrant algorithm: CombineParticles/CombineParticles#5
HiveDataBrokerSvc                   WARNING non-reentrant algorithm: FilterDesktop/FilterDesktop#8
HiveDataBrokerSvc                   WARNING non-reentrant algorithm: CombineParticles/CombineParticles#6
HiveDataBrokerSvc                   WARNING non-reentrant algorithm: FilterDesktop/FilterDesktop#9
HiveDataBrokerSvc                   WARNING non-reentrant algorithm: bankKiller
HiveDataBrokerSvc                   WARNING non-reentrant algorithm: HltDecReportsWriter
HiveDataBrokerSvc                   WARNING non-reentrant algorithm: FilterDesktop/FilterDesktop#12
HiveDataBrokerSvc                   WARNING non-reentrant algorithm: FilterDesktop/FilterDesktop#13
HiveDataBrokerSvc                   WARNING non-reentrant algorithm: FilterDesktop/FilterDesktop#10
HiveDataBrokerSvc                   WARNING non-reentrant algorithm: FilterDesktop/FilterDesktop#11
HiveDataBrokerSvc                   WARNING non-reentrant algorithm: CopyLinePersistenceLocations
HiveDataBrokerSvc                   WARNING non-reentrant algorithm: CopyParticle2PVRelationsFromLinePersistenceLocations
HiveDataBrokerSvc                   WARNING non-reentrant algorithm: PackParticlesAndVertices
HiveDataBrokerSvc                   WARNING non-reentrant algorithm: PackCaloHypo
HiveDataBrokerSvc                   WARNING non-reentrant algorithm: PackCaloHypo/PackCaloHypo#1
HiveDataBrokerSvc                   WARNING non-reentrant algorithm: PackCaloHypo/PackCaloHypo#2
HiveDataBrokerSvc                   WARNING non-reentrant algorithm: PackCaloHypo/PackCaloHypo#3
HiveDataBrokerSvc                   WARNING non-reentrant algorithm: OutputStream
HLTControlFlowMgr                      INFO Concurrency level information:
HLTControlFlowMgr                      INFO  o Number of events slots: 1
HLTControlFlowMgr                      INFO  o TBB thread pool size:  'ThreadPoolSize':1
HLTControlFlowMgr                      INFO ---> End of Initialization. This took 102928 ms
ApplicationMgr                         INFO Application Manager Initialized successfully
DeVP                                   INFO There are 208 sensors (left: 104, right: 104)
DeFTDetector                           INFO Current FT geometry version =   63
ApplicationMgr                         INFO Application Manager Started successfully
EventSelector                          INFO Stream:EventSelector.DataStreamTool_1 Def:DATAFILE='root://x509up_u98003@eoslhcb.cern.ch//eos/lhcb/grid/prod/lhcb/MC/Upgrade/LDST/00075829/0000/00075829_00000001_1.ldst' SVC='Gaudi::RootEvtSelector' OPT='READ' IgnoreChecksum='YES'
HLTControlFlowMgr                      INFO Will measure time between events 10 and 2147483647 (stop might be some events later)
HLTControlFlowMgr                      INFO Starting loop on events
EventSelector                       SUCCESS Reading Event record 1. Record number within stream 1: 1
TransportSvc                           INFO Initialize the static pointer to DetDesc::IGeometryErrorSvc
TransportSvc                           INFO Recovery of geometry errors is  ENABLED
ToolSvc.LoKi::VertexFitter             INFO Option for Optimised Kalman Filter fit is activated 
HLTControlFlowMgr                      INFO Timing started at: 12:47:02
IODataManager                          INFO Referring to dataset output/KstG/KstG.mdst by its file ID:16DDD564-BEA4-EA11-9403-FA163E98FDF0
EventSelector                          INFO Stream:EventSelector.DataStreamTool_2 Def:DATAFILE='root://x509up_u98003@eoslhcb.cern.ch//eos/lhcb/grid/prod/lhcb/MC/Upgrade/LDST/00075829/0000/00075829_00000003_1.ldst' SVC='Gaudi::RootEvtSelector' OPT='READ' IgnoreChecksum='YES'
EventSelector                          INFO Stream:EventSelector.DataStreamTool_3 Def:DATAFILE='root://x509up_u98003@eoslhcb.cern.ch//eos/lhcb/grid/prod/lhcb/MC/Upgrade/LDST/00075829/0000/00075829_00000022_1.ldst' SVC='Gaudi::RootEvtSelector' OPT='READ' IgnoreChecksum='YES'
EventSelector                       SUCCESS Reading Event record 10001. Record number within stream 3: 1267
EventSelector                          INFO Stream:EventSelector.DataStreamTool_4 Def:DATAFILE='root://xrootd-lhcb.cr.cnaf.infn.it//storage/gpfs_lhcb/lhcb/disk/MC/Upgrade/LDST/00075829/0000/00075829_00000026_1.ldst' SVC='Gaudi::RootEvtSelector' OPT='READ' IgnoreChecksum='YES'
IODataManager                          INFO Disconnect from dataset root://x509up_u98003@eoslhcb.cern.ch//eos/lhcb/grid/prod/lhcb/MC/Upgrade/LDST/00075829/0000/00075829_00000001_1.ldst [56B5B15A-9C75-E811-9B8B-FA163E67D0C3]
RootCnvSvc                             INFO Removed disconnected IO  stream:56B5B15A-9C75-E811-9B8B-FA163E67D0C3 [root://x509up_u98003@eoslhcb.cern.ch//eos/lhcb/grid/prod/lhcb/MC/Upgrade/LDST/00075829/0000/00075829_00000001_1.ldst]
EventSelector                          INFO Stream:EventSelector.DataStreamTool_5 Def:DATAFILE='root://xrootd-lhcb.cr.cnaf.infn.it//storage/gpfs_lhcb/lhcb/disk/MC/Upgrade/LDST/00075829/0000/00075829_00000031_1.ldst' SVC='Gaudi::RootEvtSelector' OPT='READ' IgnoreChecksum='YES'
IODataManager                          INFO Disconnect from dataset root://x509up_u98003@eoslhcb.cern.ch//eos/lhcb/grid/prod/lhcb/MC/Upgrade/LDST/00075829/0000/00075829_00000003_1.ldst [521EAF52-9C75-E811-BD16-FA163ED9B0D9]
RootCnvSvc                             INFO Removed disconnected IO  stream:521EAF52-9C75-E811-BD16-FA163ED9B0D9 [root://x509up_u98003@eoslhcb.cern.ch//eos/lhcb/grid/prod/lhcb/MC/Upgrade/LDST/00075829/0000/00075829_00000003_1.ldst]
EventSelector                          INFO Stream:EventSelector.DataStreamTool_6 Def:DATAFILE='root://x509up_u98003@lhcbxrootd-kit.gridka.de//pnfs/gridka.de/lhcb/MC/Upgrade/LDST/00075829/0000/00075829_00000004_1.ldst' SVC='Gaudi::RootEvtSelector' OPT='READ' IgnoreChecksum='YES'
IODataManager                          INFO Disconnect from dataset root://x509up_u98003@eoslhcb.cern.ch//eos/lhcb/grid/prod/lhcb/MC/Upgrade/LDST/00075829/0000/00075829_00000022_1.ldst [9091D273-B575-E811-AEA7-A4BF01277567]
RootCnvSvc                             INFO Removed disconnected IO  stream:9091D273-B575-E811-AEA7-A4BF01277567 [root://x509up_u98003@eoslhcb.cern.ch//eos/lhcb/grid/prod/lhcb/MC/Upgrade/LDST/00075829/0000/00075829_00000022_1.ldst]
EventSelector                          INFO Stream:EventSelector.DataStreamTool_7 Def:DATAFILE='root://x509up_u98003@lhcbxrootd-kit.gridka.de//pnfs/gridka.de/lhcb/MC/Upgrade/LDST/00075829/0000/00075829_00000005_1.ldst' SVC='Gaudi::RootEvtSelector' OPT='READ' IgnoreChecksum='YES'
IODataManager                          INFO Disconnect from dataset root://xrootd-lhcb.cr.cnaf.infn.it//storage/gpfs_lhcb/lhcb/disk/MC/Upgrade/LDST/00075829/0000/00075829_00000026_1.ldst [24CDE817-D77E-E811-B08E-48FD8EE73A01]
RootCnvSvc                             INFO Removed disconnected IO  stream:24CDE817-D77E-E811-B08E-48FD8EE73A01 [root://xrootd-lhcb.cr.cnaf.infn.it//storage/gpfs_lhcb/lhcb/disk/MC/Upgrade/LDST/00075829/0000/00075829_00000026_1.ldst]
EventSelector                       SUCCESS Reading Event record 20001. Record number within stream 7: 1111
EventSelector                          INFO Stream:EventSelector.DataStreamTool_8 Def:DATAFILE='root://x509up_u98003@lhcbxrootd-kit.gridka.de//pnfs/gridka.de/lhcb/MC/Upgrade/LDST/00075829/0000/00075829_00000023_1.ldst' SVC='Gaudi::RootEvtSelector' OPT='READ' IgnoreChecksum='YES'
IODataManager                          INFO Disconnect from dataset root://xrootd-lhcb.cr.cnaf.infn.it//storage/gpfs_lhcb/lhcb/disk/MC/Upgrade/LDST/00075829/0000/00075829_00000031_1.ldst [DE9ABEDC-9F7F-E811-B281-0CC47A4DEDF2]
RootCnvSvc                             INFO Removed disconnected IO  stream:DE9ABEDC-9F7F-E811-B281-0CC47A4DEDF2 [root://xrootd-lhcb.cr.cnaf.infn.it//storage/gpfs_lhcb/lhcb/disk/MC/Upgrade/LDST/00075829/0000/00075829_00000031_1.ldst]
EventSelector                          INFO Stream:EventSelector.DataStreamTool_9 Def:DATAFILE='root://x509up_u98003@lhcbxrootd-kit.gridka.de//pnfs/gridka.de/lhcb/MC/Upgrade/LDST/00075829/0000/00075829_00000032_1.ldst' SVC='Gaudi::RootEvtSelector' OPT='READ' IgnoreChecksum='YES'
IODataManager                          INFO Disconnect from dataset root://x509up_u98003@lhcbxrootd-kit.gridka.de//pnfs/gridka.de/lhcb/MC/Upgrade/LDST/00075829/0000/00075829_00000004_1.ldst [A6C740AB-B975-E811-A067-A4BF01125B58]
RootCnvSvc                             INFO Removed disconnected IO  stream:A6C740AB-B975-E811-A067-A4BF01125B58 [root://x509up_u98003@lhcbxrootd-kit.gridka.de//pnfs/gridka.de/lhcb/MC/Upgrade/LDST/00075829/0000/00075829_00000004_1.ldst]
EventSelector                          INFO Stream:EventSelector.DataStreamTool_10 Def:DATAFILE='root://x509up_u98003@ccxrootdlhcb.in2p3.fr//pnfs/in2p3.fr/data/lhcb/MC/Upgrade/LDST/00075829/0000/00075829_00000007_1.ldst' SVC='Gaudi::RootEvtSelector' OPT='READ' IgnoreChecksum='YES'
IODataManager                          INFO Disconnect from dataset root://x509up_u98003@lhcbxrootd-kit.gridka.de//pnfs/gridka.de/lhcb/MC/Upgrade/LDST/00075829/0000/00075829_00000005_1.ldst [A20FC05D-BC75-E811-865E-001E67E6A206]
RootCnvSvc                             INFO Removed disconnected IO  stream:A20FC05D-BC75-E811-865E-001E67E6A206 [root://x509up_u98003@lhcbxrootd-kit.gridka.de//pnfs/gridka.de/lhcb/MC/Upgrade/LDST/00075829/0000/00075829_00000005_1.ldst]
EventSelector                       SUCCESS Reading Event record 30001. Record number within stream 10: 1697
EventSelector                          INFO Stream:EventSelector.DataStreamTool_11 Def:DATAFILE='root://x509up_u98003@ccxrootdlhcb.in2p3.fr//pnfs/in2p3.fr/data/lhcb/MC/Upgrade/LDST/00075829/0000/00075829_00000008_1.ldst' SVC='Gaudi::RootEvtSelector' OPT='READ' IgnoreChecksum='YES'
IODataManager                          INFO Disconnect from dataset root://x509up_u98003@lhcbxrootd-kit.gridka.de//pnfs/gridka.de/lhcb/MC/Upgrade/LDST/00075829/0000/00075829_00000023_1.ldst [3CD0FD1B-C575-E811-B1AB-001E677927C2]
RootCnvSvc                             INFO Removed disconnected IO  stream:3CD0FD1B-C575-E811-B1AB-001E677927C2 [root://x509up_u98003@lhcbxrootd-kit.gridka.de//pnfs/gridka.de/lhcb/MC/Upgrade/LDST/00075829/0000/00075829_00000023_1.ldst]
ToolSvc.LoKi::VertexFitter          WARNING LoKi::VertexFitter:: Error from Kalman-step, skip [CombineParticles#2] StatusCode=405
ToolSvc.LoKi::VertexFitter          WARNING LoKi::VertexFitter:: The WARNING message is suppressed : 'Error from Kalman-step, skip [CombineParticles#2]' StatusCode=405
EventSelector                          INFO Stream:EventSelector.DataStreamTool_12 Def:DATAFILE='root://x509up_u98003@ccxrootdlhcb.in2p3.fr//pnfs/in2p3.fr/data/lhcb/MC/Upgrade/LDST/00075829/0000/00075829_00000009_1.ldst' SVC='Gaudi::RootEvtSelector' OPT='READ' IgnoreChecksum='YES'
IODataManager                          INFO Disconnect from dataset root://x509up_u98003@lhcbxrootd-kit.gridka.de//pnfs/gridka.de/lhcb/MC/Upgrade/LDST/00075829/0000/00075829_00000032_1.ldst [CCE14D4E-BA7F-E811-9F59-A4BF0112BBFE]
RootCnvSvc                             INFO Removed disconnected IO  stream:CCE14D4E-BA7F-E811-9F59-A4BF0112BBFE [root://x509up_u98003@lhcbxrootd-kit.gridka.de//pnfs/gridka.de/lhcb/MC/Upgrade/LDST/00075829/0000/00075829_00000032_1.ldst]
EventSelector                       SUCCESS Reading Event record 40001. Record number within stream 12: 2650
EventSelector                          INFO Stream:EventSelector.DataStreamTool_13 Def:DATAFILE='root://x509up_u98003@ccxrootdlhcb.in2p3.fr//pnfs/in2p3.fr/data/lhcb/MC/Upgrade/LDST/00075829/0000/00075829_00000010_1.ldst' SVC='Gaudi::RootEvtSelector' OPT='READ' IgnoreChecksum='YES'
IODataManager                          INFO Disconnect from dataset root://x509up_u98003@ccxrootdlhcb.in2p3.fr//pnfs/in2p3.fr/data/lhcb/MC/Upgrade/LDST/00075829/0000/00075829_00000007_1.ldst [E63A8EC9-B875-E811-BD3C-7CD30AD0A636]
RootCnvSvc                             INFO Removed disconnected IO  stream:E63A8EC9-B875-E811-BD3C-7CD30AD0A636 [root://x509up_u98003@ccxrootdlhcb.in2p3.fr//pnfs/in2p3.fr/data/lhcb/MC/Upgrade/LDST/00075829/0000/00075829_00000007_1.ldst]
EventSelector                          INFO Stream:EventSelector.DataStreamTool_14 Def:DATAFILE='root://x509up_u98003@ccxrootdlhcb.in2p3.fr//pnfs/in2p3.fr/data/lhcb/MC/Upgrade/LDST/00075829/0000/00075829_00000011_1.ldst' SVC='Gaudi::RootEvtSelector' OPT='READ' IgnoreChecksum='YES'
IODataManager                          INFO Disconnect from dataset root://x509up_u98003@ccxrootdlhcb.in2p3.fr//pnfs/in2p3.fr/data/lhcb/MC/Upgrade/LDST/00075829/0000/00075829_00000008_1.ldst [469BE40D-B375-E811-9403-F04DA275BFEC]
RootCnvSvc                             INFO Removed disconnected IO  stream:469BE40D-B375-E811-9403-F04DA275BFEC [root://x509up_u98003@ccxrootdlhcb.in2p3.fr//pnfs/in2p3.fr/data/lhcb/MC/Upgrade/LDST/00075829/0000/00075829_00000008_1.ldst]
EventSelector                       SUCCESS Reading Event record 50001. Record number within stream 14: 3269
EventSelector                          INFO Stream:EventSelector.DataStreamTool_15 Def:DATAFILE='root://x509up_u98003@ccxrootdlhcb.in2p3.fr//pnfs/in2p3.fr/data/lhcb/MC/Upgrade/LDST/00075829/0000/00075829_00000012_1.ldst' SVC='Gaudi::RootEvtSelector' OPT='READ' IgnoreChecksum='YES'
IODataManager                          INFO Disconnect from dataset root://x509up_u98003@ccxrootdlhcb.in2p3.fr//pnfs/in2p3.fr/data/lhcb/MC/Upgrade/LDST/00075829/0000/00075829_00000009_1.ldst [7865E8C6-BD75-E811-8A96-008CFAF724BE]
RootCnvSvc                             INFO Removed disconnected IO  stream:7865E8C6-BD75-E811-8A96-008CFAF724BE [root://x509up_u98003@ccxrootdlhcb.in2p3.fr//pnfs/in2p3.fr/data/lhcb/MC/Upgrade/LDST/00075829/0000/00075829_00000009_1.ldst]
EventSelector                          INFO Stream:EventSelector.DataStreamTool_16 Def:DATAFILE='root://x509up_u98003@ccxrootdlhcb.in2p3.fr//pnfs/in2p3.fr/data/lhcb/MC/Upgrade/LDST/00075829/0000/00075829_00000013_1.ldst' SVC='Gaudi::RootEvtSelector' OPT='READ' IgnoreChecksum='YES'
IODataManager                          INFO Disconnect from dataset root://x509up_u98003@ccxrootdlhcb.in2p3.fr//pnfs/in2p3.fr/data/lhcb/MC/Upgrade/LDST/00075829/0000/00075829_00000010_1.ldst [608153C9-BF75-E811-8A78-7CD30AD0944E]
RootCnvSvc                             INFO Removed disconnected IO  stream:608153C9-BF75-E811-8A78-7CD30AD0944E [root://x509up_u98003@ccxrootdlhcb.in2p3.fr//pnfs/in2p3.fr/data/lhcb/MC/Upgrade/LDST/00075829/0000/00075829_00000010_1.ldst]
EventSelector                       SUCCESS Reading Event record 60001. Record number within stream 16: 4028
EventSelector                          INFO Stream:EventSelector.DataStreamTool_17 Def:DATAFILE='root://x509up_u98003@ccxrootdlhcb.in2p3.fr//pnfs/in2p3.fr/data/lhcb/MC/Upgrade/LDST/00075829/0000/00075829_00000014_1.ldst' SVC='Gaudi::RootEvtSelector' OPT='READ' IgnoreChecksum='YES'
IODataManager                          INFO Disconnect from dataset root://x509up_u98003@ccxrootdlhcb.in2p3.fr//pnfs/in2p3.fr/data/lhcb/MC/Upgrade/LDST/00075829/0000/00075829_00000011_1.ldst [DE63AA90-B475-E811-8572-3417EBE64402]
RootCnvSvc                             INFO Removed disconnected IO  stream:DE63AA90-B475-E811-8572-3417EBE64402 [root://x509up_u98003@ccxrootdlhcb.in2p3.fr//pnfs/in2p3.fr/data/lhcb/MC/Upgrade/LDST/00075829/0000/00075829_00000011_1.ldst]
EventSelector                          INFO Stream:EventSelector.DataStreamTool_18 Def:DATAFILE='root://x509up_u98003@ccxrootdlhcb.in2p3.fr//pnfs/in2p3.fr/data/lhcb/MC/Upgrade/LDST/00075829/0000/00075829_00000015_1.ldst' SVC='Gaudi::RootEvtSelector' OPT='READ' IgnoreChecksum='YES'
IODataManager                          INFO Disconnect from dataset root://x509up_u98003@ccxrootdlhcb.in2p3.fr//pnfs/in2p3.fr/data/lhcb/MC/Upgrade/LDST/00075829/0000/00075829_00000012_1.ldst [56939EBC-BA75-E811-AAC6-3417EBE50720]
RootCnvSvc                             INFO Removed disconnected IO  stream:56939EBC-BA75-E811-AAC6-3417EBE50720 [root://x509up_u98003@ccxrootdlhcb.in2p3.fr//pnfs/in2p3.fr/data/lhcb/MC/Upgrade/LDST/00075829/0000/00075829_00000012_1.ldst]
EventSelector                          INFO Stream:EventSelector.DataStreamTool_19 Def:DATAFILE='root://x509up_u98003@ccxrootdlhcb.in2p3.fr//pnfs/in2p3.fr/data/lhcb/MC/Upgrade/LDST/00075829/0000/00075829_00000016_1.ldst' SVC='Gaudi::RootEvtSelector' OPT='READ' IgnoreChecksum='YES'
IODataManager                          INFO Disconnect from dataset root://x509up_u98003@ccxrootdlhcb.in2p3.fr//pnfs/in2p3.fr/data/lhcb/MC/Upgrade/LDST/00075829/0000/00075829_00000013_1.ldst [1C23448B-B475-E811-B532-3417EBE64CB1]
RootCnvSvc                             INFO Removed disconnected IO  stream:1C23448B-B475-E811-B532-3417EBE64CB1 [root://x509up_u98003@ccxrootdlhcb.in2p3.fr//pnfs/in2p3.fr/data/lhcb/MC/Upgrade/LDST/00075829/0000/00075829_00000013_1.ldst]
EventSelector                       SUCCESS Reading Event record 70001. Record number within stream 19: 256
EventSelector                          INFO Stream:EventSelector.DataStreamTool_20 Def:DATAFILE='root://x509up_u98003@ccxrootdlhcb.in2p3.fr//pnfs/in2p3.fr/data/lhcb/MC/Upgrade/LDST/00075829/0000/00075829_00000017_1.ldst' SVC='Gaudi::RootEvtSelector' OPT='READ' IgnoreChecksum='YES'
IODataManager                          INFO Disconnect from dataset root://x509up_u98003@ccxrootdlhcb.in2p3.fr//pnfs/in2p3.fr/data/lhcb/MC/Upgrade/LDST/00075829/0000/00075829_00000014_1.ldst [102AE05B-B675-E811-88E2-7CD30AD09DC0]
RootCnvSvc                             INFO Removed disconnected IO  stream:102AE05B-B675-E811-88E2-7CD30AD09DC0 [root://x509up_u98003@ccxrootdlhcb.in2p3.fr//pnfs/in2p3.fr/data/lhcb/MC/Upgrade/LDST/00075829/0000/00075829_00000014_1.ldst]
EventSelector                          INFO Stream:EventSelector.DataStreamTool_21 Def:DATAFILE='root://x509up_u98003@ccxrootdlhcb.in2p3.fr//pnfs/in2p3.fr/data/lhcb/MC/Upgrade/LDST/00075829/0000/00075829_00000018_1.ldst' SVC='Gaudi::RootEvtSelector' OPT='READ' IgnoreChecksum='YES'
IODataManager                          INFO Disconnect from dataset root://x509up_u98003@ccxrootdlhcb.in2p3.fr//pnfs/in2p3.fr/data/lhcb/MC/Upgrade/LDST/00075829/0000/00075829_00000015_1.ldst [5A2B630F-C675-E811-A776-008CFAFBDBA8]
RootCnvSvc                             INFO Removed disconnected IO  stream:5A2B630F-C675-E811-A776-008CFAFBDBA8 [root://x509up_u98003@ccxrootdlhcb.in2p3.fr//pnfs/in2p3.fr/data/lhcb/MC/Upgrade/LDST/00075829/0000/00075829_00000015_1.ldst]
EventSelector                       SUCCESS Reading Event record 80001. Record number within stream 21: 1528
LoKiSvc.REPORT                      WARNING LoKi::Particles::MCorrectedWithBestVertex: 	 mCorrDir: M^2 < 0 !! [CombineParticles#3] StatusCode=FAILURE
LoKiSvc.REPORT                      WARNING The WARNING message is suppressed : 'LoKi::Particles::MCorrectedWithBestVertex: 	 mCorrDir: M^2 < 0 !! [CombineParticles#3]' StatusCode=FAILURE
LoKiSvc.REPORT                      WARNING LoKi::Particles::MCorrectedWithBestVertex: 	 mCorrDir: M^2 < 0 !! [FilterDesktop#6] StatusCode=FAILURE
LoKiSvc.REPORT                      WARNING The WARNING message is suppressed : 'LoKi::Particles::MCorrectedWithBestVertex: 	 mCorrDir: M^2 < 0 !! [FilterDesktop#6]' StatusCode=FAILURE
EventSelector                          INFO Stream:EventSelector.DataStreamTool_22 Def:DATAFILE='root://x509up_u98003@ccxrootdlhcb.in2p3.fr//pnfs/in2p3.fr/data/lhcb/MC/Upgrade/LDST/00075829/0000/00075829_00000019_1.ldst' SVC='Gaudi::RootEvtSelector' OPT='READ' IgnoreChecksum='YES'
IODataManager                          INFO Disconnect from dataset root://x509up_u98003@ccxrootdlhcb.in2p3.fr//pnfs/in2p3.fr/data/lhcb/MC/Upgrade/LDST/00075829/0000/00075829_00000016_1.ldst [665BBCC3-BD75-E811-BDAC-7CD30ACE15FA]
RootCnvSvc                             INFO Removed disconnected IO  stream:665BBCC3-BD75-E811-BDAC-7CD30ACE15FA [root://x509up_u98003@ccxrootdlhcb.in2p3.fr//pnfs/in2p3.fr/data/lhcb/MC/Upgrade/LDST/00075829/0000/00075829_00000016_1.ldst]
EventSelector                          INFO Stream:EventSelector.DataStreamTool_23 Def:DATAFILE='root://x509up_u98003@xrootd.pic.es//pnfs/pic.es/data/lhcb/MC/Upgrade/LDST/00075829/0000/00075829_00000020_1.ldst' SVC='Gaudi::RootEvtSelector' OPT='READ' IgnoreChecksum='YES'
IODataManager                          INFO Disconnect from dataset root://x509up_u98003@ccxrootdlhcb.in2p3.fr//pnfs/in2p3.fr/data/lhcb/MC/Upgrade/LDST/00075829/0000/00075829_00000017_1.ldst [1699DF86-B775-E811-9091-7CD30AD08D94]
RootCnvSvc                             INFO Removed disconnected IO  stream:1699DF86-B775-E811-9091-7CD30AD08D94 [root://x509up_u98003@ccxrootdlhcb.in2p3.fr//pnfs/in2p3.fr/data/lhcb/MC/Upgrade/LDST/00075829/0000/00075829_00000017_1.ldst]
EventSelector                       SUCCESS Reading Event record 90001. Record number within stream 23: 2352
EventSelector                          INFO Stream:EventSelector.DataStreamTool_24 Def:DATAFILE='root://xrootd.echo.stfc.ac.uk/lhcb:prod/lhcb/MC/Upgrade/LDST/00075829/0000/00075829_00000021_1.ldst' SVC='Gaudi::RootEvtSelector' OPT='READ' IgnoreChecksum='YES'
IODataManager                          INFO Disconnect from dataset root://x509up_u98003@ccxrootdlhcb.in2p3.fr//pnfs/in2p3.fr/data/lhcb/MC/Upgrade/LDST/00075829/0000/00075829_00000018_1.ldst [329B74DA-BA75-E811-85CD-008CFAF75254]
RootCnvSvc                             INFO Removed disconnected IO  stream:329B74DA-BA75-E811-85CD-008CFAF75254 [root://x509up_u98003@ccxrootdlhcb.in2p3.fr//pnfs/in2p3.fr/data/lhcb/MC/Upgrade/LDST/00075829/0000/00075829_00000018_1.ldst]
EventSelector                          INFO Stream:EventSelector.DataStreamTool_25 Def:DATAFILE='root://xrootd.echo.stfc.ac.uk/lhcb:prod/lhcb/MC/Upgrade/LDST/00075829/0000/00075829_00000028_1.ldst' SVC='Gaudi::RootEvtSelector' OPT='READ' IgnoreChecksum='YES'
IODataManager                          INFO Disconnect from dataset root://x509up_u98003@ccxrootdlhcb.in2p3.fr//pnfs/in2p3.fr/data/lhcb/MC/Upgrade/LDST/00075829/0000/00075829_00000019_1.ldst [CAC486D5-B475-E811-8750-7CD30AD09C52]
RootCnvSvc                             INFO Removed disconnected IO  stream:CAC486D5-B475-E811-8750-7CD30AD09C52 [root://x509up_u98003@ccxrootdlhcb.in2p3.fr//pnfs/in2p3.fr/data/lhcb/MC/Upgrade/LDST/00075829/0000/00075829_00000019_1.ldst]
EventSelector                          INFO Stream:EventSelector.DataStreamTool_26 Def:DATAFILE='root://lhcbsdrm.t1.grid.kiae.ru:1094/t1.grid.kiae.ru/data/lhcb/lhcbdisk/lhcb/MC/Upgrade/LDST/00075829/0000/00075829_00000024_1.ldst' SVC='Gaudi::RootEvtSelector' OPT='READ' IgnoreChecksum='YES'
IODataManager                          INFO Disconnect from dataset root://x509up_u98003@xrootd.pic.es//pnfs/pic.es/data/lhcb/MC/Upgrade/LDST/00075829/0000/00075829_00000020_1.ldst [22778A31-AD77-E811-A1EE-A0369F8362AC]
RootCnvSvc                             INFO Removed disconnected IO  stream:22778A31-AD77-E811-A1EE-A0369F8362AC [root://x509up_u98003@xrootd.pic.es//pnfs/pic.es/data/lhcb/MC/Upgrade/LDST/00075829/0000/00075829_00000020_1.ldst]
EventSelector                          INFO Stream:EventSelector.DataStreamTool_27 Def:DATAFILE='root://lhcbsdrm.t1.grid.kiae.ru:1094/t1.grid.kiae.ru/data/lhcb/lhcbdisk/lhcb/MC/Upgrade/LDST/00075829/0000/00075829_00000029_1.ldst' SVC='Gaudi::RootEvtSelector' OPT='READ' IgnoreChecksum='YES'
IODataManager                          INFO Disconnect from dataset root://xrootd.echo.stfc.ac.uk/lhcb:prod/lhcb/MC/Upgrade/LDST/00075829/0000/00075829_00000021_1.ldst [82946C9E-B575-E811-84B4-0242AC110002]
RootCnvSvc                             INFO Removed disconnected IO  stream:82946C9E-B575-E811-84B4-0242AC110002 [root://xrootd.echo.stfc.ac.uk/lhcb:prod/lhcb/MC/Upgrade/LDST/00075829/0000/00075829_00000021_1.ldst]
EventSelector                       SUCCESS Reading Event record 100001. Record number within stream 27: 532
EventSelector                          INFO Stream:EventSelector.DataStreamTool_28 Def:DATAFILE='root://hake7.grid.surfsara.nl:1094/pnfs/grid.sara.nl/data/lhcb/MC/Upgrade/LDST/00075829/0000/00075829_00000025_1.ldst' SVC='Gaudi::RootEvtSelector' OPT='READ' IgnoreChecksum='YES'
IODataManager                          INFO Disconnect from dataset root://xrootd.echo.stfc.ac.uk/lhcb:prod/lhcb/MC/Upgrade/LDST/00075829/0000/00075829_00000028_1.ldst [BE41ACBF-D57E-E811-83F7-0242AC110013]
RootCnvSvc                             INFO Removed disconnected IO  stream:BE41ACBF-D57E-E811-83F7-0242AC110013 [root://xrootd.echo.stfc.ac.uk/lhcb:prod/lhcb/MC/Upgrade/LDST/00075829/0000/00075829_00000028_1.ldst]
EventSelector                          INFO Stream:EventSelector.DataStreamTool_29 Def:DATAFILE='root://lobster4.grid.surfsara.nl:1094/pnfs/grid.sara.nl/data/lhcb/MC/Upgrade/LDST/00075829/0000/00075829_00000034_1.ldst' SVC='Gaudi::RootEvtSelector' OPT='READ' IgnoreChecksum='YES'
IODataManager                          INFO Disconnect from dataset root://lhcbsdrm.t1.grid.kiae.ru:1094/t1.grid.kiae.ru/data/lhcb/lhcbdisk/lhcb/MC/Upgrade/LDST/00075829/0000/00075829_00000024_1.ldst [3223019B-D378-E811-8506-00259059DB18]
RootCnvSvc                             INFO Removed disconnected IO  stream:3223019B-D378-E811-8506-00259059DB18 [root://lhcbsdrm.t1.grid.kiae.ru:1094/t1.grid.kiae.ru/data/lhcb/lhcbdisk/lhcb/MC/Upgrade/LDST/00075829/0000/00075829_00000024_1.ldst]
HLTControlFlowMgr                      INFO No more events in event selection 
HLTControlFlowMgr                      INFO ---> Loop over 102963 Events Finished -  WSS 1149.6, timed 102953 Events: 2804825 ms, Evts/s = 36.7057
ApplicationMgr                         INFO Application Manager Stopped successfully
DeterministicPrescaler              SUCCESS Number of counters : 1
 |    Counter                                      |     #     |    sum     | mean/eff^* | rms/err^*  |     min     |     max     |
 |*"#accept"                                       |    102963 |     102963 |( 100.0000 +- 0.000000)% |
UnpackMuonPIDs                      SUCCESS Number of counters : 1
 |    Counter                                      |     #     |    sum     | mean/eff^* | rms/err^*  |     min     |     max     |
 | "# UnPackedData"                                |    102963 |1.149641e+07 |     111.66 |     56.304 |      4.0000 |      792.00 |
UnpackRichPIDs                      SUCCESS Number of counters : 1
 |    Counter                                      |     #     |    sum     | mean/eff^* | rms/err^*  |     min     |     max     |
 | "# UnPackedData"                                |    102963 |1.606357e+07 |     156.01 |     79.396 |      5.0000 |      1065.0 |
UnpackRichPIDs                      SUCCESS Exceptions/Errors/Warnings/Infos Statistics : 0/0/1/0
UnpackRichPIDs                      SUCCESS  #WARNINGS   = 102963   Message = 'Incorrect data version 0 for packing version > 3. Correcting data to version 2.'
UnpackBestTracks                    SUCCESS Number of counters : 1
 |    Counter                                      |     #     |    sum     | mean/eff^* | rms/err^*  |     min     |     max     |
 | "# Unpacked Tracks"                             |    102963 |   48613349 |     472.14 |
UnpackMuonTracks                    SUCCESS Number of counters : 1
 |    Counter                                      |     #     |    sum     | mean/eff^* | rms/err^*  |     min     |     max     |
 | "# Unpacked Tracks"                             |    102963 |    1742282 |     16.921 |
FunctionalParticleMaker#2           SUCCESS Number of counters : 4
 |    Counter                                      |     #     |    sum     | mean/eff^* | rms/err^*  |     min     |     max     |
 |*"# passed ProtoParticle filter"                 |  11580052 |   11580052 |( 100.0000 +- 0.000000)% |
 |*"# passed Track filter"                         |  17722340 |   11580052 |( 65.34155 +- 0.01130417)% |
 | "Nb created anti-particles"                     |    102963 |    5760807 |     55.950 |     28.123 |           1 |         354 |
 | "Nb created particles"                          |    102963 |    5819245 |     56.518 |     28.139 |           2 |         334 |
FilterDesktop#2                     SUCCESS Number of counters : 5
 |    Counter                                      |     #     |    sum     | mean/eff^* | rms/err^*  |     min     |     max     |
 | "# FunctionalParticleMaker#2/Particles"         |    102963 |1.158005e+07 |     112.47 |     55.459 |      5.0000 |      676.00 |
 | "# input particles"                             |    102963 |1.158005e+07 |     112.47 |     55.459 |      5.0000 |      676.00 |
 |*"#accept"                                       |    102963 |      86119 |( 83.64073 +- 0.1152790)% |
 | "#passed"                                       |    102963 |     143475 |     1.3935 |     1.0092 |      0.0000 |      11.000 |
 |*"efficiency"                                    |  11580052 | 1.4348e+05 |( 1.238984 +- 0.003250651)%|   -------   |   -------   |
CombineParticles                    SUCCESS Number of counters : 10
 |    Counter                                      |     #     |    sum     | mean/eff^* | rms/err^*  |     min     |     max     |
 | "# FilterDesktop#2/Particles"                   |    102963 |     143475 |     1.3935 |     1.0092 |      0.0000 |      11.000 |
 | "# K*(892)0 -> pi+  pi- "                       |    102963 |      31705 |    0.30793 |    0.66910 |      0.0000 |      18.000 |
 | "# input particles"                             |    102963 |     143475 |     1.3935 |     1.0092 |      0.0000 |      11.000 |
 | "# pi+"                                         |    102963 |      72362 |    0.70280 |    0.70946 |      0.0000 |      6.0000 |
 | "# pi-"                                         |    102963 |      71113 |    0.69067 |    0.70253 |      0.0000 |      6.0000 |
 | "# selected"                                    |    102963 |      31705 |    0.30793 |    0.66910 |      0.0000 |      18.000 |
 |*"#accept"                                       |    102963 |      24694 |( 23.98337 +- 0.1330665)% |
 |*"#pass combcut"                                 |     51085 |      37382 |( 73.17608 +- 0.1960194)%|   -------   |   -------   |
 |*"#pass mother cut"                              |     37382 |      31705 |( 84.81355 +- 0.1856220)%|   -------   |   -------   |
 | "Error from IParticleCombiner, skip the combinat|        27 |         27 |     1.0000 |     0.0000 |      1.0000 |      1.0000 |
PhotonMakerAlg                      SUCCESS Number of counters : 1
 |    Counter                                      |     #     |    sum     | mean/eff^* | rms/err^*  |     min     |     max     |
 |*"#accept"                                       |    102963 |     102963 |( 100.0000 +- 0.000000)% |
FilterDesktop#3                     SUCCESS Number of counters : 5
 |    Counter                                      |     #     |    sum     | mean/eff^* | rms/err^*  |     min     |     max     |
 | "# PhotonMakerAlg/Particles"                    |    102963 |1.133391e+07 |     110.08 |     34.886 |      3.0000 |      213.00 |
 | "# input particles"                             |    102963 |1.133391e+07 |     110.08 |     34.886 |      3.0000 |      213.00 |
 |*"#accept"                                       |    102963 |      69832 |( 67.82242 +- 0.1455870)% |
 | "#passed"                                       |    102963 |     114908 |     1.1160 |     1.0943 |      0.0000 |      10.000 |
 |*"efficiency"                                    |  11333911 | 1.1491e+05 |( 1.013842 +- 0.002975655)%|   -------   |   -------   |
CombineParticles#1                  SUCCESS Number of counters : 11
 |    Counter                                      |     #     |    sum     | mean/eff^* | rms/err^*  |     min     |     max     |
 | "# B0 -> K*(892)0  gamma "                      |    102963 |      19026 |    0.18478 |    0.66207 |      0.0000 |      34.000 |
 | "# CombineParticles/Particles"                  |    102963 |      31705 |    0.30793 |    0.66910 |      0.0000 |      18.000 |
 | "# FilterDesktop#3/Particles"                   |    102963 |     114908 |     1.1160 |     1.0943 |      0.0000 |      10.000 |
 | "# K*(892)0"                                    |    102963 |      31705 |    0.30793 |    0.66910 |      0.0000 |      18.000 |
 | "# K*(892)~0"                                   |    102963 |          0 |     0.0000 |     0.0000 |      0.0000 |      0.0000 |
 | "# gamma"                                       |    102963 |     114908 |     1.1160 |     1.0943 |      0.0000 |      10.000 |
 | "# input particles"                             |    102963 |     146613 |     1.4239 |     1.3081 |      0.0000 |      21.000 |
 | "# selected"                                    |    102963 |      19026 |    0.18478 |    0.66207 |      0.0000 |      34.000 |
 |*"#accept"                                       |    102963 |      12386 |( 12.02956 +- 0.1013801)% |
 |*"#pass combcut"                                 |     38778 |      31877 |( 82.20383 +- 0.1942301)%|   -------   |   -------   |
 |*"#pass mother cut"                              |     31877 |      19026 |( 59.68567 +- 0.2747426)%|   -------   |   -------   |
FilterDesktop#4                     SUCCESS Number of counters : 5
 |    Counter                                      |     #     |    sum     | mean/eff^* | rms/err^*  |     min     |     max     |
 | "# CombineParticles#1/Particles"                |    102963 |      19026 |    0.18478 |    0.66207 |      0.0000 |      34.000 |
 | "# input particles"                             |    102963 |      19026 |    0.18478 |    0.66207 |      0.0000 |      34.000 |
 |*"#accept"                                       |    102963 |       7113 |( 6.908307 +- 0.07903158)% |
 | "#passed"                                       |    102963 |       7438 |   0.072240 |    0.27166 |      0.0000 |      4.0000 |
 |*"efficiency"                                    |     19026 |       7438 |( 39.09387 +- 0.3537619)%|   -------   |   -------   |
DeterministicPrescaler#1            SUCCESS Number of counters : 1
 |    Counter                                      |     #     |    sum     | mean/eff^* | rms/err^*  |     min     |     max     |
 |*"#accept"                                       |    102963 |     102963 |( 100.0000 +- 0.000000)% |
FunctionalParticleMaker#3           SUCCESS Number of counters : 4
 |    Counter                                      |     #     |    sum     | mean/eff^* | rms/err^*  |     min     |     max     |
 |*"# passed ProtoParticle filter"                 |  11580052 |   11580052 |( 100.0000 +- 0.000000)% |
 |*"# passed Track filter"                         |  17722340 |   11580052 |( 65.34155 +- 0.01130417)% |
 | "Nb created anti-particles"                     |    102963 |    5760807 |     55.950 |     28.123 |           1 |         354 |
 | "Nb created particles"                          |    102963 |    5819245 |     56.518 |     28.139 |           2 |         334 |
FilterDesktop#5                     SUCCESS Number of counters : 5
 |    Counter                                      |     #     |    sum     | mean/eff^* | rms/err^*  |     min     |     max     |
 | "# FunctionalParticleMaker#3/Particles"         |    102963 |1.158005e+07 |     112.47 |     55.459 |      5.0000 |      676.00 |
 | "# input particles"                             |    102963 |1.158005e+07 |     112.47 |     55.459 |      5.0000 |      676.00 |
 |*"#accept"                                       |    102963 |     102963 |( 100.0000 +- 0.000000)% |
 | "#passed"                                       |    102963 |1.066977e+07 |     103.63 |     50.224 |      5.0000 |      635.00 |
 |*"efficiency"                                    |  11580052 |  1.067e+07 |( 92.13926 +- 0.007908587)%|   -------   |   -------   |
CombineParticles#2                  SUCCESS Number of counters : 10
 |    Counter                                      |     #     |    sum     | mean/eff^* | rms/err^*  |     min     |     max     |
 | "# FilterDesktop#5/Particles"                   |    102963 |1.066977e+07 |     103.63 |     50.224 |      5.0000 |      635.00 |
 | "# e+"                                          |    102963 |    5361459 |     52.072 |     25.512 |      2.0000 |      316.00 |
 | "# e-"                                          |    102963 |    5308315 |     51.556 |     25.503 |      1.0000 |      321.00 |
 | "# gamma -> e+  e- "                            |    102963 |      95756 |    0.93000 |     1.7534 |      0.0000 |      55.000 |
 | "# input particles"                             |    102963 |1.066977e+07 |     103.63 |     50.224 |      5.0000 |      635.00 |
 | "# selected"                                    |    102963 |      95756 |    0.93000 |     1.7534 |      0.0000 |      55.000 |
 |*"#accept"                                       |    102963 |      41471 |( 40.27758 +- 0.1528480)% |
 |*"#pass combcut"                                 | 339281617 |  1.012e+05 |(0.02982832 +- 9.374960e-05)%|   -------   |   -------   |
 |*"#pass mother cut"                              |    101202 |      95756 |( 94.61868 +- 0.07093134)%|   -------   |   -------   |
 | "Error from IParticleCombiner, skip the combinat|      5446 |       5446 |     1.0000 |     0.0000 |      1.0000 |      1.0000 |
CombineParticles#3                  SUCCESS Number of counters : 12
 |    Counter                                      |     #     |    sum     | mean/eff^* | rms/err^*  |     min     |     max     |
 | "# B0 -> K*(892)0  gamma "                      |    102963 |       4685 |   0.045502 |    0.47697 |      0.0000 |      64.000 |
 | "# CombineParticles#2/Particles"                |    102963 |      95756 |    0.93000 |     1.7534 |      0.0000 |      55.000 |
 | "# CombineParticles/Particles"                  |    102963 |      31705 |    0.30793 |    0.66910 |      0.0000 |      18.000 |
 | "# K*(892)0"                                    |    102963 |      31705 |    0.30793 |    0.66910 |      0.0000 |      18.000 |
 | "# K*(892)~0"                                   |    102963 |          0 |     0.0000 |     0.0000 |      0.0000 |      0.0000 |
 | "# gamma"                                       |    102963 |      95756 |    0.93000 |     1.7534 |      0.0000 |      55.000 |
 | "# input particles"                             |    102963 |     127461 |     1.2379 |     1.8926 |      0.0000 |      56.000 |
 | "# selected"                                    |    102963 |       4685 |   0.045502 |    0.47697 |      0.0000 |      64.000 |
 |*"#accept"                                       |    102963 |       2440 |( 2.369783 +- 0.04740300)% |
 |*"#pass combcut"                                 |     32572 |      25932 |( 79.61439 +- 0.2232212)%|   -------   |   -------   |
 |*"#pass mother cut"                              |     25932 |       4685 |( 18.06648 +- 0.2389184)%|   -------   |   -------   |
 | "Error from IParticleCombiner, skip the combinat|       323 |        323 |     1.0000 |     0.0000 |      1.0000 |      1.0000 |
FilterDesktop#6                     SUCCESS Number of counters : 5
 |    Counter                                      |     #     |    sum     | mean/eff^* | rms/err^*  |     min     |     max     |
 | "# CombineParticles#3/Particles"                |    102963 |       4685 |   0.045502 |    0.47697 |      0.0000 |      64.000 |
 | "# input particles"                             |    102963 |       4685 |   0.045502 |    0.47697 |      0.0000 |      64.000 |
 |*"#accept"                                       |    102963 |        421 |(0.4088847 +- 0.01988704)% |
 | "#passed"                                       |    102963 |        563 |  0.0054680 |    0.10605 |      0.0000 |      9.0000 |
 |*"efficiency"                                    |      4685 |        563 |( 12.01708 +- 0.4750549)%|   -------   |   -------   |
DeterministicPrescaler#2            SUCCESS Number of counters : 1
 |    Counter                                      |     #     |    sum     | mean/eff^* | rms/err^*  |     min     |     max     |
 |*"#accept"                                       |    102963 |     102963 |( 100.0000 +- 0.000000)% |
FilterDesktop#7                     SUCCESS Number of counters : 5
 |    Counter                                      |     #     |    sum     | mean/eff^* | rms/err^*  |     min     |     max     |
 | "# FunctionalParticleMaker#2/Particles"         |    102963 |1.158005e+07 |     112.47 |     55.459 |      5.0000 |      676.00 |
 | "# input particles"                             |    102963 |1.158005e+07 |     112.47 |     55.459 |      5.0000 |      676.00 |
 |*"#accept"                                       |    102963 |     102963 |( 100.0000 +- 0.000000)% |
 | "#passed"                                       |    102963 |    2395836 |     23.269 |     11.985 |      1.0000 |      182.00 |
 |*"efficiency"                                    |  11580052 | 2.3958e+06 |( 20.68934 +- 0.01190375)%|   -------   |   -------   |
CombineParticles#4                  SUCCESS Number of counters : 14
 |    Counter                                      |     #     |    sum     | mean/eff^* | rms/err^*  |     min     |     max     |
 | "# CombineParticles/Particles"                  |    102963 |      31705 |    0.30793 |    0.66910 |      0.0000 |      18.000 |
 | "# D*(2010)+ -> K*(892)0  pi+ "                 |    102963 |     109700 |     1.0654 |     3.1812 |      0.0000 |      134.00 |
 | "# D*(2010)- -> K*(892)0  pi- "                 |    102963 |     110520 |     1.0734 |     3.2132 |      0.0000 |      132.00 |
 | "# FilterDesktop#7/Particles"                   |    102963 |    2395836 |     23.269 |     11.985 |      1.0000 |      182.00 |
 | "# K*(892)0"                                    |    102963 |      31705 |    0.30793 |    0.66910 |      0.0000 |      18.000 |
 | "# K*(892)~0"                                   |    102963 |          0 |     0.0000 |     0.0000 |      0.0000 |      0.0000 |
 | "# input particles"                             |    102963 |    2427541 |     23.577 |     12.024 |      1.0000 |      182.00 |
 | "# pi+"                                         |    102963 |    1205934 |     11.712 |     6.4232 |      0.0000 |      91.000 |
 | "# pi-"                                         |    102963 |    1189902 |     11.557 |     6.3919 |      0.0000 |      91.000 |
 | "# selected"                                    |    102963 |     220220 |     2.1388 |     6.1610 |      0.0000 |      260.00 |
 |*"#accept"                                       |    102963 |      23765 |( 23.08111 +- 0.1313119)% |
 |*"#pass combcut"                                 |    763273 | 2.9667e+05 |( 38.86774 +- 0.05579431)%|   -------   |   -------   |
 |*"#pass mother cut"                              |    296667 | 2.2022e+05 |( 74.23138 +- 0.08029800)%|   -------   |   -------   |
 | "Error from IParticleCombiner, skip the combinat|       195 |        195 |     1.0000 |     0.0000 |      1.0000 |      1.0000 |
CombineParticles#5                  SUCCESS Number of counters : 12
 |    Counter                                      |     #     |    sum     | mean/eff^* | rms/err^*  |     min     |     max     |
 | "# B+ -> D*(2010)+  gamma "                     |    102963 |      38335 |    0.37232 |     2.1457 |      0.0000 |      236.00 |
 | "# B- -> D*(2010)-  gamma "                     |    102963 |      38277 |    0.37175 |     2.1560 |      0.0000 |      246.00 |
 | "# CombineParticles#4/Particles"                |    102963 |     220220 |     2.1388 |     6.1610 |      0.0000 |      260.00 |
 | "# D*(2010)+"                                   |    102963 |     109700 |     1.0654 |     3.1812 |      0.0000 |      134.00 |
 | "# D*(2010)-"                                   |    102963 |     110520 |     1.0734 |     3.2132 |      0.0000 |      132.00 |
 | "# FilterDesktop#3/Particles"                   |    102963 |     114908 |     1.1160 |     1.0943 |      0.0000 |      10.000 |
 | "# gamma"                                       |    102963 |     114908 |     1.1160 |     1.0943 |      0.0000 |      10.000 |
 | "# input particles"                             |    102963 |     335128 |     3.2548 |     6.3251 |      0.0000 |      262.00 |
 | "# selected"                                    |    102963 |      76612 |    0.74407 |     4.1238 |      0.0000 |      482.00 |
 |*"#accept"                                       |    102963 |      11206 |( 10.88352 +- 0.09705617)% |
 |*"#pass combcut"                                 |    289623 | 2.1756e+05 |( 75.11696 +- 0.08033489)%|   -------   |   -------   |
 |*"#pass mother cut"                              |    217556 |      76612 |( 35.21484 +- 0.1024036)%|   -------   |   -------   |
FilterDesktop#8                     SUCCESS Number of counters : 5
 |    Counter                                      |     #     |    sum     | mean/eff^* | rms/err^*  |     min     |     max     |
 | "# CombineParticles#5/Particles"                |    102963 |      76612 |    0.74407 |     4.1238 |      0.0000 |      482.00 |
 | "# input particles"                             |    102963 |      76612 |    0.74407 |     4.1238 |      0.0000 |      482.00 |
 |*"#accept"                                       |    102963 |       2861 |( 2.778668 +- 0.05122223)% |
 | "#passed"                                       |    102963 |       5202 |   0.050523 |    0.37614 |      0.0000 |      18.000 |
 |*"efficiency"                                    |     76612 |       5202 |( 6.790059 +- 0.09089071)%|   -------   |   -------   |
DeterministicPrescaler#3            SUCCESS Number of counters : 1
 |    Counter                                      |     #     |    sum     | mean/eff^* | rms/err^*  |     min     |     max     |
 |*"#accept"                                       |    102963 |     102963 |( 100.0000 +- 0.000000)% |
CombineParticles#6                  SUCCESS Number of counters : 13
 |    Counter                                      |     #     |    sum     | mean/eff^* | rms/err^*  |     min     |     max     |
 | "# B+ -> D*(2010)+  gamma "                     |    102963 |      19238 |    0.18684 |     2.8370 |      0.0000 |      525.00 |
 | "# B- -> D*(2010)-  gamma "                     |    102963 |      19435 |    0.18876 |     2.6693 |      0.0000 |      471.00 |
 | "# CombineParticles#2/Particles"                |    102963 |      95756 |    0.93000 |     1.7534 |      0.0000 |      55.000 |
 | "# CombineParticles#4/Particles"                |    102963 |     220220 |     2.1388 |     6.1610 |      0.0000 |      260.00 |
 | "# D*(2010)+"                                   |    102963 |     109700 |     1.0654 |     3.1812 |      0.0000 |      134.00 |
 | "# D*(2010)-"                                   |    102963 |     110520 |     1.0734 |     3.2132 |      0.0000 |      132.00 |
 | "# gamma"                                       |    102963 |      95756 |    0.93000 |     1.7534 |      0.0000 |      55.000 |
 | "# input particles"                             |    102963 |     315976 |     3.0688 |     6.5565 |      0.0000 |      262.00 |
 | "# selected"                                    |    102963 |      38673 |    0.37560 |     5.3660 |      0.0000 |      996.00 |
 |*"#accept"                                       |    102963 |       3014 |( 2.927265 +- 0.05253383)% |
 |*"#pass combcut"                                 |    305509 | 2.2599e+05 |( 73.97065 +- 0.07938699)%|   -------   |   -------   |
 |*"#pass mother cut"                              |    225987 |      38673 |( 17.11293 +- 0.07922530)%|   -------   |   -------   |
 | "Error from IParticleCombiner, skip the combinat|      2946 |       2946 |     1.0000 |     0.0000 |      1.0000 |      1.0000 |
FilterDesktop#9                     SUCCESS Number of counters : 5
 |    Counter                                      |     #     |    sum     | mean/eff^* | rms/err^*  |     min     |     max     |
 | "# CombineParticles#6/Particles"                |    102963 |      38673 |    0.37560 |     5.3660 |      0.0000 |      996.00 |
 | "# input particles"                             |    102963 |      38673 |    0.37560 |     5.3660 |      0.0000 |      996.00 |
 |*"#accept"                                       |    102963 |         53 |(0.05147480 +- 0.007068788)% |
 | "#passed"                                       |    102963 |        117 |  0.0011363 |   0.071805 |      0.0000 |      12.000 |
 |*"efficiency"                                    |     38673 |        117 |(0.3025367 +- 0.02792718)%|   -------   |   -------   |
bankKiller                          SUCCESS Exceptions/Errors/Warnings/Infos Statistics : 0/0/1/0
bankKiller                          SUCCESS  #WARNINGS   = 7904     Message = ' No bank of type 'HltLumiSummary' has been found - nothing to be removed'
FilterDesktop#12                    SUCCESS Number of counters : 5
 |    Counter                                      |     #     |    sum     | mean/eff^* | rms/err^*  |     min     |     max     |
 | "# FilterDesktop#9"                             |      7904 |        117 |   0.014803 |    0.25877 |      0.0000 |      12.000 |
 | "# input particles"                             |      7904 |        117 |   0.014803 |    0.25877 |      0.0000 |      12.000 |
 |*"#accept"                                       |      7904 |         53 |(0.6705466 +- 0.09179733)% |
 | "#passed"                                       |      7904 |        117 |   0.014803 |    0.25877 |      0.0000 |      12.000 |
 |*"efficiency"                                    |       117 |        117 |( 100.0000 +- 0.000000)%|   -------   |   -------   |
FilterDesktop#13                    SUCCESS Number of counters : 5
 |    Counter                                      |     #     |    sum     | mean/eff^* | rms/err^*  |     min     |     max     |
 | "# FilterDesktop#8"                             |      7904 |       5202 |    0.65815 |     1.2013 |      0.0000 |      18.000 |
 | "# input particles"                             |      7904 |       5202 |    0.65815 |     1.2013 |      0.0000 |      18.000 |
 |*"#accept"                                       |      7904 |       2861 |( 36.19686 +- 0.5405464)% |
 | "#passed"                                       |      7904 |       5202 |    0.65815 |     1.2013 |      0.0000 |      18.000 |
 |*"efficiency"                                    |      5202 |       5202 |( 100.0000 +- 0.000000)%|   -------   |   -------   |
FilterDesktop#10                    SUCCESS Number of counters : 5
 |    Counter                                      |     #     |    sum     | mean/eff^* | rms/err^*  |     min     |     max     |
 | "# FilterDesktop#4"                             |      7904 |       7438 |    0.94104 |    0.37920 |      0.0000 |      4.0000 |
 | "# input particles"                             |      7904 |       7438 |    0.94104 |    0.37920 |      0.0000 |      4.0000 |
 |*"#accept"                                       |      7904 |       7113 |( 89.99241 +- 0.3375548)% |
 | "#passed"                                       |      7904 |       7438 |    0.94104 |    0.37920 |      0.0000 |      4.0000 |
 |*"efficiency"                                    |      7438 |       7438 |( 100.0000 +- 0.000000)%|   -------   |   -------   |
FilterDesktop#11                    SUCCESS Number of counters : 5
 |    Counter                                      |     #     |    sum     | mean/eff^* | rms/err^*  |     min     |     max     |
 | "# FilterDesktop#6"                             |      7904 |        563 |   0.071230 |    0.37658 |      0.0000 |      9.0000 |
 | "# input particles"                             |      7904 |        563 |   0.071230 |    0.37658 |      0.0000 |      9.0000 |
 |*"#accept"                                       |      7904 |        421 |( 5.326417 +- 0.2525856)% |
 | "#passed"                                       |      7904 |        563 |   0.071230 |    0.37658 |      0.0000 |      9.0000 |
 |*"efficiency"                                    |       563 |        563 |( 100.0000 +- 0.000000)%|   -------   |   -------   |
OutputStream                           INFO Events output: 7904
HLTControlFlowMgr                      INFO Memory pool: used 0.000427246 +/- 0 MiB (min: 0, max: 0) in 1 +/- 0 blocks (allocated >once in 0 +/- 0% events). Allocated capacity was 10 +/- 0 MiB (min: 10, max: 10) and 2 +/- 0 (min: 2, max: 2) requests were served
HLTControlFlowMgr                      INFO Timing table:
HLTControlFlowMgr                      INFO Average ticks per millisecond: 2195333
HLTControlFlowMgr                      INFO 
 | Name of Algorithm                                       | Execution Count | Total Time / s  | Avg. Time / us   |
 | "OutputStream"                                          |            7904 |          14.954 |         1891.892 |
 | "Gaudi__Hive__FetchDataFromFile#11"                     |          102963 |        1859.275 |        18057.703 |
 | "createODIN"                                            |          102963 |           2.608 |           25.328 |
 | "DeterministicPrescaler"                                |          102963 |           0.376 |            3.652 |
 | "Gaudi__Hive__FetchDataFromFile"                        |          102963 |           0.848 |            8.232 |
 | "UnpackRecVertices"                                     |          102963 |          94.629 |          919.056 |
 | "Gaudi__Hive__FetchDataFromFile#1"                      |          102963 |           0.780 |            7.574 |
 | "UnpackCaloElectrons"                                   |          102963 |           9.411 |           91.402 |
 | "Gaudi__Hive__FetchDataFromFile#2"                      |          102963 |           0.586 |            5.690 |
 | "UnpackCaloPhotons"                                     |          102963 |           7.780 |           75.560 |
 | "Gaudi__Hive__FetchDataFromFile#3"                      |          102963 |           0.506 |            4.918 |
 | "UnpackCaloMergedPi0s"                                  |          102963 |           1.413 |           13.726 |
 | "Gaudi__Hive__FetchDataFromFile#4"                      |          102963 |           0.458 |            4.444 |
 | "UnpackCaloSplitPhotons"                                |          102963 |           1.995 |           19.372 |
 | "Gaudi__Hive__FetchDataFromFile#5"                      |          102963 |           0.441 |            4.278 |
 | "UnpackMuonPIDs"                                        |          102963 |           4.664 |           45.293 |
 | "Gaudi__Hive__FetchDataFromFile#6"                      |          102963 |           0.513 |            4.985 |
 | "UnpackRichPIDs"                                        |          102963 |           9.817 |           95.346 |
 | "Gaudi__Hive__FetchDataFromFile#7"                      |          102963 |           0.543 |            5.272 |
 | "UnpackBestTracks"                                      |          102963 |          53.009 |          514.831 |
 | "Gaudi__Hive__FetchDataFromFile#8"                      |          102963 |           0.678 |            6.589 |
 | "UnpackMuonTracks"                                      |          102963 |           2.556 |           24.822 |
 | "Gaudi__Hive__FetchDataFromFile#9"                      |          102963 |           0.489 |            4.750 |
 | "UnpackNeutralProtos"                                   |          102963 |          23.766 |          230.825 |
 | "Gaudi__Hive__FetchDataFromFile#10"                     |          102963 |           0.624 |            6.058 |
 | "UnpackChargedProtos"                                   |          102963 |          29.557 |          287.064 |
 | "ChargedProtoParticleAddRichInfo"                       |          102963 |          22.165 |          215.271 |
 | "ChargedProtoParticleAddMuonInfo"                       |          102963 |          11.867 |          115.258 |
 | "ChargedProtoCombineDLLsAlg"                            |          102963 |          17.996 |          174.781 |
 | "FunctionalParticleMaker#2"                             |          102963 |          13.098 |          127.214 |
 | "FilterDesktop#2"                                       |          102963 |          47.892 |          465.136 |
 | "CombineParticles"                                      |          102963 |          12.652 |          122.877 |
 | "PhotonMakerAlg"                                        |          102963 |          34.820 |          338.181 |
 | "FilterDesktop#3"                                       |          102963 |           2.849 |           27.670 |
 | "CombineParticles#1"                                    |          102963 |           8.719 |           84.678 |
 | "FilterDesktop#4"                                       |          102963 |           3.992 |           38.770 |
 | "DeterministicPrescaler#1"                              |          102963 |           0.271 |            2.632 |
 | "FunctionalParticleMaker#3"                             |          102963 |          13.577 |          131.864 |
 | "FilterDesktop#5"                                       |          102963 |           4.175 |           40.550 |
 | "CombineParticles#2"                                    |          102963 |         186.448 |         1810.824 |
 | "CombineParticles#3"                                    |          102963 |          11.577 |          112.440 |
 | "FilterDesktop#6"                                       |          102963 |           1.547 |           15.028 |
 | "DeterministicPrescaler#2"                              |          102963 |           0.291 |            2.825 |
 | "FilterDesktop#7"                                       |          102963 |          88.150 |          856.129 |
 | "CombineParticles#4"                                    |          102963 |          19.282 |          187.271 |
 | "CombineParticles#5"                                    |          102963 |          10.297 |          100.003 |
 | "FilterDesktop#8"                                       |          102963 |           5.820 |           56.523 |
 | "DeterministicPrescaler#3"                              |          102963 |           0.289 |            2.805 |
 | "CombineParticles#6"                                    |          102963 |          10.285 |           99.890 |
 | "FilterDesktop#9"                                       |          102963 |           3.589 |           34.862 |
 | "bankKiller"                                            |            7904 |           0.168 |           21.225 |
 | "ExecutionReportsWriter"                                |            7904 |           0.097 |           12.317 |
 | "HltDecReportsWriter"                                   |            7904 |           0.100 |           12.605 |
 | "CopyLinePersistenceLocations"                          |            7904 |           4.614 |          583.757 |
 | "CopyParticle2PVRelationsFromLinePersistenceLocations"  |            7904 |           0.455 |           57.611 |
 | "PackParticlesAndVertices"                              |            7904 |           1.378 |          174.289 |
 | "PackCaloHypo"                                          |            7904 |           0.120 |           15.149 |
 | "PackCaloHypo#1"                                        |            7904 |           0.137 |           17.395 |
 | "PackCaloHypo#2"                                        |            7904 |           0.109 |           13.739 |
 | "PackCaloHypo#3"                                        |            7904 |           0.072 |            9.148 |
 | "Hlt__RoutingBitsWriter"                                |            7904 |           0.063 |            8.006 |
 | "FilterDesktop#12"                                      |            7904 |           0.106 |           13.451 |
 | "FilterDesktop#13"                                      |            7904 |           0.230 |           29.112 |
 | "FilterDesktop#10"                                      |            7904 |           0.517 |           65.364 |
 | "FilterDesktop#11"                                      |            7904 |           0.108 |           13.670 |

HLTControlFlowMgr                      INFO 
LAZY_AND: moore                                                                                              #=102963  Sum=7904        Eff=|( 7.676544 +- 0.0829656)%|
 NONLAZY_OR: hlt_decision                                                                                    #=102963  Sum=7904        Eff=|( 7.676544 +- 0.0829656)%|
  LAZY_AND: Hlt2BToHHGamma_Inclusive_Line                                                                    #=102963  Sum=7113        Eff=|( 6.908307 +- 0.0790316)%|
   DeterministicPrescaler/DeterministicPrescaler                                                             #=102963  Sum=102963      Eff=|( 100.0000 +- 0.00000 )%|
   UnpackRecVertex/UnpackRecVertices                                                                         #=102963  Sum=102963      Eff=|( 100.0000 +- 0.00000 )%|
   UnpackCaloHypo/UnpackCaloElectrons                                                                        #=102963  Sum=102963      Eff=|( 100.0000 +- 0.00000 )%|
   UnpackCaloHypo/UnpackCaloPhotons                                                                          #=102963  Sum=102963      Eff=|( 100.0000 +- 0.00000 )%|
   UnpackCaloHypo/UnpackCaloMergedPi0s                                                                       #=102963  Sum=102963      Eff=|( 100.0000 +- 0.00000 )%|
   UnpackCaloHypo/UnpackCaloSplitPhotons                                                                     #=102963  Sum=102963      Eff=|( 100.0000 +- 0.00000 )%|
   DataPacking__Unpack<LHCb__MuonPIDPacker>/UnpackMuonPIDs                                                   #=102963  Sum=102963      Eff=|( 100.0000 +- 0.00000 )%|
   DataPacking__Unpack<LHCb__RichPIDPacker>/UnpackRichPIDs                                                   #=102963  Sum=102963      Eff=|( 100.0000 +- 0.00000 )%|
   UnpackTrackFunctional/UnpackBestTracks                                                                    #=102963  Sum=102963      Eff=|( 100.0000 +- 0.00000 )%|
   UnpackTrackFunctional/UnpackMuonTracks                                                                    #=102963  Sum=102963      Eff=|( 100.0000 +- 0.00000 )%|
   UnpackProtoParticle/UnpackNeutralProtos                                                                   #=102963  Sum=102963      Eff=|( 100.0000 +- 0.00000 )%|
   UnpackProtoParticle/UnpackChargedProtos                                                                   #=102963  Sum=102963      Eff=|( 100.0000 +- 0.00000 )%|
   ChargedProtoParticleAddRichInfo/ChargedProtoParticleAddRichInfo                                           #=102963  Sum=102963      Eff=|( 100.0000 +- 0.00000 )%|
   ChargedProtoParticleAddMuonInfo/ChargedProtoParticleAddMuonInfo                                           #=102963  Sum=102963      Eff=|( 100.0000 +- 0.00000 )%|
   ChargedProtoCombineDLLsAlg/ChargedProtoCombineDLLsAlg                                                     #=102963  Sum=102963      Eff=|( 100.0000 +- 0.00000 )%|
   FilterDesktop/FilterDesktop#4                                                                             #=102963  Sum=7113        Eff=|( 6.908307 +- 0.0790316)%|
  LAZY_AND: Hlt2BToHHGammaee_Inclusive_Line                                                                  #=102963  Sum=421         Eff=|(0.4088847 +- 0.0198870)%|
   DeterministicPrescaler/DeterministicPrescaler#1                                                           #=102963  Sum=102963      Eff=|( 100.0000 +- 0.00000 )%|
   UnpackRecVertex/UnpackRecVertices                                                                         #=102963  Sum=102963      Eff=|( 100.0000 +- 0.00000 )%|
   UnpackCaloHypo/UnpackCaloElectrons                                                                        #=102963  Sum=102963      Eff=|( 100.0000 +- 0.00000 )%|
   UnpackCaloHypo/UnpackCaloPhotons                                                                          #=102963  Sum=102963      Eff=|( 100.0000 +- 0.00000 )%|
   UnpackCaloHypo/UnpackCaloMergedPi0s                                                                       #=102963  Sum=102963      Eff=|( 100.0000 +- 0.00000 )%|
   UnpackCaloHypo/UnpackCaloSplitPhotons                                                                     #=102963  Sum=102963      Eff=|( 100.0000 +- 0.00000 )%|
   DataPacking__Unpack<LHCb__MuonPIDPacker>/UnpackMuonPIDs                                                   #=102963  Sum=102963      Eff=|( 100.0000 +- 0.00000 )%|
   DataPacking__Unpack<LHCb__RichPIDPacker>/UnpackRichPIDs                                                   #=102963  Sum=102963      Eff=|( 100.0000 +- 0.00000 )%|
   UnpackTrackFunctional/UnpackBestTracks                                                                    #=102963  Sum=102963      Eff=|( 100.0000 +- 0.00000 )%|
   UnpackTrackFunctional/UnpackMuonTracks                                                                    #=102963  Sum=102963      Eff=|( 100.0000 +- 0.00000 )%|
   UnpackProtoParticle/UnpackNeutralProtos                                                                   #=102963  Sum=102963      Eff=|( 100.0000 +- 0.00000 )%|
   UnpackProtoParticle/UnpackChargedProtos                                                                   #=102963  Sum=102963      Eff=|( 100.0000 +- 0.00000 )%|
   ChargedProtoParticleAddRichInfo/ChargedProtoParticleAddRichInfo                                           #=102963  Sum=102963      Eff=|( 100.0000 +- 0.00000 )%|
   ChargedProtoParticleAddMuonInfo/ChargedProtoParticleAddMuonInfo                                           #=102963  Sum=102963      Eff=|( 100.0000 +- 0.00000 )%|
   ChargedProtoCombineDLLsAlg/ChargedProtoCombineDLLsAlg                                                     #=102963  Sum=102963      Eff=|( 100.0000 +- 0.00000 )%|
   FilterDesktop/FilterDesktop#6                                                                             #=102963  Sum=421         Eff=|(0.4088847 +- 0.0198870)%|
  LAZY_AND: Hlt2BToHHHGamma_Inclusive_Line                                                                   #=102963  Sum=2861        Eff=|( 2.778668 +- 0.0512222)%|
   DeterministicPrescaler/DeterministicPrescaler#2                                                           #=102963  Sum=102963      Eff=|( 100.0000 +- 0.00000 )%|
   UnpackRecVertex/UnpackRecVertices                                                                         #=102963  Sum=102963      Eff=|( 100.0000 +- 0.00000 )%|
   UnpackCaloHypo/UnpackCaloElectrons                                                                        #=102963  Sum=102963      Eff=|( 100.0000 +- 0.00000 )%|
   UnpackCaloHypo/UnpackCaloPhotons                                                                          #=102963  Sum=102963      Eff=|( 100.0000 +- 0.00000 )%|
   UnpackCaloHypo/UnpackCaloMergedPi0s                                                                       #=102963  Sum=102963      Eff=|( 100.0000 +- 0.00000 )%|
   UnpackCaloHypo/UnpackCaloSplitPhotons                                                                     #=102963  Sum=102963      Eff=|( 100.0000 +- 0.00000 )%|
   DataPacking__Unpack<LHCb__MuonPIDPacker>/UnpackMuonPIDs                                                   #=102963  Sum=102963      Eff=|( 100.0000 +- 0.00000 )%|
   DataPacking__Unpack<LHCb__RichPIDPacker>/UnpackRichPIDs                                                   #=102963  Sum=102963      Eff=|( 100.0000 +- 0.00000 )%|
   UnpackTrackFunctional/UnpackBestTracks                                                                    #=102963  Sum=102963      Eff=|( 100.0000 +- 0.00000 )%|
   UnpackTrackFunctional/UnpackMuonTracks                                                                    #=102963  Sum=102963      Eff=|( 100.0000 +- 0.00000 )%|
   UnpackProtoParticle/UnpackNeutralProtos                                                                   #=102963  Sum=102963      Eff=|( 100.0000 +- 0.00000 )%|
   UnpackProtoParticle/UnpackChargedProtos                                                                   #=102963  Sum=102963      Eff=|( 100.0000 +- 0.00000 )%|
   ChargedProtoParticleAddRichInfo/ChargedProtoParticleAddRichInfo                                           #=102963  Sum=102963      Eff=|( 100.0000 +- 0.00000 )%|
   ChargedProtoParticleAddMuonInfo/ChargedProtoParticleAddMuonInfo                                           #=102963  Sum=102963      Eff=|( 100.0000 +- 0.00000 )%|
   ChargedProtoCombineDLLsAlg/ChargedProtoCombineDLLsAlg                                                     #=102963  Sum=102963      Eff=|( 100.0000 +- 0.00000 )%|
   FilterDesktop/FilterDesktop#8                                                                             #=102963  Sum=2861        Eff=|( 2.778668 +- 0.0512222)%|
  LAZY_AND: Hlt2BToHHHGammaEE_Inclusive_Line                                                                 #=102963  Sum=53          Eff=|(0.05147480 +- 0.00706879)%|
   DeterministicPrescaler/DeterministicPrescaler#3                                                           #=102963  Sum=102963      Eff=|( 100.0000 +- 0.00000 )%|
   UnpackRecVertex/UnpackRecVertices                                                                         #=102963  Sum=102963      Eff=|( 100.0000 +- 0.00000 )%|
   UnpackCaloHypo/UnpackCaloElectrons                                                                        #=102963  Sum=102963      Eff=|( 100.0000 +- 0.00000 )%|
   UnpackCaloHypo/UnpackCaloPhotons                                                                          #=102963  Sum=102963      Eff=|( 100.0000 +- 0.00000 )%|
   UnpackCaloHypo/UnpackCaloMergedPi0s                                                                       #=102963  Sum=102963      Eff=|( 100.0000 +- 0.00000 )%|
   UnpackCaloHypo/UnpackCaloSplitPhotons                                                                     #=102963  Sum=102963      Eff=|( 100.0000 +- 0.00000 )%|
   DataPacking__Unpack<LHCb__MuonPIDPacker>/UnpackMuonPIDs                                                   #=102963  Sum=102963      Eff=|( 100.0000 +- 0.00000 )%|
   DataPacking__Unpack<LHCb__RichPIDPacker>/UnpackRichPIDs                                                   #=102963  Sum=102963      Eff=|( 100.0000 +- 0.00000 )%|
   UnpackTrackFunctional/UnpackBestTracks                                                                    #=102963  Sum=102963      Eff=|( 100.0000 +- 0.00000 )%|
   UnpackTrackFunctional/UnpackMuonTracks                                                                    #=102963  Sum=102963      Eff=|( 100.0000 +- 0.00000 )%|
   UnpackProtoParticle/UnpackNeutralProtos                                                                   #=102963  Sum=102963      Eff=|( 100.0000 +- 0.00000 )%|
   UnpackProtoParticle/UnpackChargedProtos                                                                   #=102963  Sum=102963      Eff=|( 100.0000 +- 0.00000 )%|
   ChargedProtoParticleAddRichInfo/ChargedProtoParticleAddRichInfo                                           #=102963  Sum=102963      Eff=|( 100.0000 +- 0.00000 )%|
   ChargedProtoParticleAddMuonInfo/ChargedProtoParticleAddMuonInfo                                           #=102963  Sum=102963      Eff=|( 100.0000 +- 0.00000 )%|
   ChargedProtoCombineDLLsAlg/ChargedProtoCombineDLLsAlg                                                     #=102963  Sum=102963      Eff=|( 100.0000 +- 0.00000 )%|
   FilterDesktop/FilterDesktop#9                                                                             #=102963  Sum=53          Eff=|(0.05147480 +- 0.00706879)%|
 NONLAZY_OR: report_writers                                                                                  #=7904    Sum=7904        Eff=|( 100.0000 +- 0.00000 )%|
  bankKiller/bankKiller                                                                                      #=7904    Sum=7904        Eff=|( 100.0000 +- 0.00000 )%|
  ExecutionReportsWriter/ExecutionReportsWriter                                                              #=7904    Sum=7904        Eff=|( 100.0000 +- 0.00000 )%|
  HltDecReportsWriter/HltDecReportsWriter                                                                    #=7904    Sum=7904        Eff=|( 100.0000 +- 0.00000 )%|
  NONLAZY_OR: LineMovers                                                                                     #=7904    Sum=7904        Eff=|( 100.0000 +- 0.00000 )%|
   NONLAZY_OR: Hlt2BToHHHGammaEE_Inclusive_LineDecisionMovers                                                #=7904    Sum=53          Eff=|(0.6705466 +- 0.0917973)%|
    FilterDesktop/FilterDesktop#12                                                                           #=7904    Sum=53          Eff=|(0.6705466 +- 0.0917973)%|
   NONLAZY_OR: Hlt2BToHHHGamma_Inclusive_LineDecisionMovers                                                  #=7904    Sum=2861        Eff=|( 36.19686 +- 0.540546)%|
    FilterDesktop/FilterDesktop#13                                                                           #=7904    Sum=2861        Eff=|( 36.19686 +- 0.540546)%|
   NONLAZY_OR: Hlt2BToHHGamma_Inclusive_LineDecisionMovers                                                   #=7904    Sum=7113        Eff=|( 89.99241 +- 0.337555)%|
    FilterDesktop/FilterDesktop#10                                                                           #=7904    Sum=7113        Eff=|( 89.99241 +- 0.337555)%|
   NONLAZY_OR: Hlt2BToHHGammaee_Inclusive_LineDecisionMovers                                                 #=7904    Sum=421         Eff=|( 5.326417 +- 0.252586)%|
    FilterDesktop/FilterDesktop#11                                                                           #=7904    Sum=421         Eff=|( 5.326417 +- 0.252586)%|
  CopyLinePersistenceLocations/CopyLinePersistenceLocations                                                  #=7904    Sum=7904        Eff=|( 100.0000 +- 0.00000 )%|
  CopyParticle2PVRelationsFromLinePersistenceLocations/CopyParticle2PVRelationsFromLinePersistenceLocations  #=7904    Sum=7904        Eff=|( 100.0000 +- 0.00000 )%|
  PackParticlesAndVertices/PackParticlesAndVertices                                                          #=7904    Sum=7904        Eff=|( 100.0000 +- 0.00000 )%|
  PackCaloHypo/PackCaloHypo                                                                                  #=7904    Sum=7904        Eff=|( 100.0000 +- 0.00000 )%|
  PackCaloHypo/PackCaloHypo#1                                                                                #=7904    Sum=7904        Eff=|( 100.0000 +- 0.00000 )%|
  PackCaloHypo/PackCaloHypo#2                                                                                #=7904    Sum=7904        Eff=|( 100.0000 +- 0.00000 )%|
  PackCaloHypo/PackCaloHypo#3                                                                                #=7904    Sum=7904        Eff=|( 100.0000 +- 0.00000 )%|
  Hlt__RoutingBitsWriter/Hlt__RoutingBitsWriter                                                              #=7904    Sum=7904        Eff=|( 100.0000 +- 0.00000 )%|
 OutputStream/OutputStream                                                                                   #=7904    Sum=7904        Eff=|( 100.0000 +- 0.00000 )%|

HLTControlFlowMgr                      INFO Histograms converted successfully according to request.
TransportSvc                        SUCCESS  GEOMETRY ERRORS: 'Skip'     map has the size 0

TransportSvc                        SUCCESS  GEOMETRY ERRORS: 'Recover'  map has the size 0

TransportSvc                        SUCCESS  GEOMETRY ERRORS: 'Codes'    map has the size 0

TransportSvc                           INFO Reset the static pointer to DetDesc::IGeometyrErrorSvc
ToolSvc                                INFO Removing all tools created by ToolSvc
ToolSvc.LoKi::VertexFitter          SUCCESS Number of counters : 6
 |    Counter                                      |     #     |    sum     | mean/eff^* | rms/err^*  |     min     |     max     |
 | "#iterations/1"                                 |    622334 |    1071518 |     1.7218 |    0.89734 |      1.0000 |      11.000 |
 | "#iterations/2"                                 |    633470 |    1617700 |     2.5537 |     1.1032 |      2.0000 |      11.000 |
 | "#iterations/Gen"                               |      1784 |       6841 |     3.8346 |
 | "#iterations/Opt"                               |    925882 |     980640 |     1.0591 |     1.1568 |      0.0000 |      10.000 |
 | "Seed:case(2)"                                  |      4514 |
 | "Seed:case(3)"                                  |      6207 |
ToolSvc.LoKi::VertexFitter          SUCCESS Exceptions/Errors/Warnings/Infos Statistics : 0/0/25/0
ToolSvc.LoKi::VertexFitter          SUCCESS  #WARNINGS   = 6        Message = 'Error from Kalman-step, skip [CombineParticles#2]'
ToolSvc.LoKi::VertexFitter          SUCCESS  #WARNINGS   = 5446     Message = 'No convergency has been reached [CombineParticles#2]'
ToolSvc.LoKi::VertexFitter          SUCCESS  #WARNINGS   = 323      Message = 'No convergency has been reached [CombineParticles#3]'
ToolSvc.LoKi::VertexFitter          SUCCESS  #WARNINGS   = 195      Message = 'No convergency has been reached [CombineParticles#4]'
ToolSvc.LoKi::VertexFitter          SUCCESS  #WARNINGS   = 2946     Message = 'No convergency has been reached [CombineParticles#6]'
ToolSvc.LoKi::VertexFitter          SUCCESS  #WARNINGS   = 27       Message = 'No convergency has been reached [CombineParticles]'
ToolSvc.LoKi::VertexFitter          SUCCESS  #WARNINGS   = 6174     Message = '_iterate_opt: No convergency has been reached [CombineParticles#2]'
ToolSvc.LoKi::VertexFitter          SUCCESS  #WARNINGS   = 333      Message = '_iterate_opt: No convergency has been reached [CombineParticles#3]'
ToolSvc.LoKi::VertexFitter          SUCCESS  #WARNINGS   = 1120     Message = '_iterate_opt: No convergency has been reached [CombineParticles#4]'
ToolSvc.LoKi::VertexFitter          SUCCESS  #WARNINGS   = 3061     Message = '_iterate_opt: No convergency has been reached [CombineParticles#6]'
ToolSvc.LoKi::VertexFitter          SUCCESS  #WARNINGS   = 33       Message = '_iterate_opt: No convergency has been reached [CombineParticles]'
ToolSvc.LoKi::VertexFitter          SUCCESS  #WARNINGS   = 8880     Message = 'fit(): Vertex is outside of fiducial volume [CombineParticles#2]'
ToolSvc.LoKi::VertexFitter          SUCCESS  #WARNINGS   = 2        Message = 'fit(): Vertex is outside of fiducial volume [CombineParticles#4]'
ToolSvc.LoKi::VertexFitter          SUCCESS  #WARNINGS   = 9        Message = 'fit(): Vertex is outside of fiducial volume [CombineParticles]'
ToolSvc.LoKi::VertexFitter          SUCCESS  #WARNINGS   = 5446     Message = 'fit(): failure from _iterate() [CombineParticles#2]'
ToolSvc.LoKi::VertexFitter          SUCCESS  #WARNINGS   = 323      Message = 'fit(): failure from _iterate() [CombineParticles#3]'
ToolSvc.LoKi::VertexFitter          SUCCESS  #WARNINGS   = 195      Message = 'fit(): failure from _iterate() [CombineParticles#4]'
ToolSvc.LoKi::VertexFitter          SUCCESS  #WARNINGS   = 2946     Message = 'fit(): failure from _iterate() [CombineParticles#6]'
ToolSvc.LoKi::VertexFitter          SUCCESS  #WARNINGS   = 27       Message = 'fit(): failure from _iterate() [CombineParticles]'
ToolSvc.LoKi::VertexFitter          SUCCESS  #WARNINGS   = 5446     Message = 'fit(): failure from fit [CombineParticles#2]'
ToolSvc.LoKi::VertexFitter          SUCCESS  #WARNINGS   = 323      Message = 'fit(): failure from fit [CombineParticles#3]'
ToolSvc.LoKi::VertexFitter          SUCCESS  #WARNINGS   = 195      Message = 'fit(): failure from fit [CombineParticles#4]'
ToolSvc.LoKi::VertexFitter          SUCCESS  #WARNINGS   = 2946     Message = 'fit(): failure from fit [CombineParticles#6]'
ToolSvc.LoKi::VertexFitter          SUCCESS  #WARNINGS   = 27       Message = 'fit(): failure from fit [CombineParticles]'
ToolSvc.LoKi::VertexFitter          SUCCESS  #WARNINGS   = 13       Message = 'fit(): measured mass error is a bit    non-positive, adjust to 1 MeV [CombineParticles#2]'
PhotonMakerAlg.PhotonMaker             INFO PhotonMakerAlg.PhotonMaker -  Summary -----
PhotonMakerAlg.PhotonMaker             INFO  Created : 110.078 gamma per event
PhotonMakerAlg.PhotonMaker             INFO  ---------------------------
PhotonMakerAlg.PhotonMaker          SUCCESS Number of counters : 2
 |    Counter                                      |     #     |    sum     | mean/eff^* | rms/err^*  |     min     |     max     |
 | "Confidence Level"                              |  11333911 |   990072.2 |   0.087355 |
 | "Created unConverted photons"                   |    102963 |   11333911 |     110.08 |
ToolSvc.HybridFactory               SUCCESS Number of counters : 1
 |    Counter                                      |     #     |    sum     | mean/eff^* | rms/err^*  |     min     |     max     |
 | "# loaded from PYTHON"                          |        80 |         80 |     1.0000 |     0.0000 |      1.0000 |      1.0000 |
LoKiSvc.REPORT                      SUCCESS Exceptions/Errors/Warnings/Infos Statistics : 0/0/2/0
LoKiSvc.REPORT                      SUCCESS  #WARNINGS   = 2        Message = 'LoKi::Particles::MCorrectedWithBestVertex: 	 mCorrDir: M^2 < 0 !! [CombineParticles#3]'
LoKiSvc.REPORT                      SUCCESS  #WARNINGS   = 2        Message = 'LoKi::Particles::MCorrectedWithBestVertex: 	 mCorrDir: M^2 < 0 !! [FilterDesktop#6]'
ToolSvc.TrackFunctorFactory         SUCCESS Number of counters : 1
 |    Counter                                      |     #     |    sum     | mean/eff^* | rms/err^*  |     min     |     max     |
 | "# loaded from PYTHON"                          |         2 |          2 |     1.0000 |     0.0000 |      1.0000 |      1.0000 |
ToolSvc.TrackParabolicExtrapolator  SUCCESS Number of counters : 1
 |    Counter                                      |     #     |    sum     | mean/eff^* | rms/err^*  |     min     |     max     |
 | "Number of field calls"                         |    695779 |
ToolSvc.TrackStateProvider          SUCCESS Number of counters : 2
 |    Counter                                      |     #     |    sum     | mean/eff^* | rms/err^*  |     min     |     max     |
 | "Number of states added"                        |         1 |          0 |     0.0000 |     0.0000 |      0.0000 |      0.0000 |
 | "Number of tracks seen"                         |         1 |          1 |     1.0000 |     0.0000 |      1.0000 |      1.0000 |
FunctionalParticleMaker#3.LoKi::... SUCCESS Number of counters : 1
 |    Counter                                      |     #     |    sum     | mean/eff^* | rms/err^*  |     min     |     max     |
 | "# loaded from PYTHON"                          |         1 |          1 |     1.0000 |     0.0000 |      1.0000 |      1.0000 |
FunctionalParticleMaker#2.LoKi::... SUCCESS Number of counters : 1
 |    Counter                                      |     #     |    sum     | mean/eff^* | rms/err^*  |     min     |     max     |
 | "# loaded from PYTHON"                          |         1 |          1 |     1.0000 |     0.0000 |      1.0000 |      1.0000 |
ToolSvc.LoKi::DistanceCalculator    SUCCESS Exceptions/Errors/Warnings/Infos Statistics : 0/0/2/0
ToolSvc.LoKi::DistanceCalculator    SUCCESS  #WARNINGS   = 155      Message = 'There is no convergency-III [CombineParticles]'
ToolSvc.LoKi::DistanceCalculator    SUCCESS  #WARNINGS   = 42       Message = 'There is no convergency-III [FilterDesktop#4]'
RootCnvSvc                             INFO Disconnected data IO:16DDD564-BEA4-EA11-9403-FA163E98FDF0 [output/KstG/KstG.mdst]
RootCnvSvc                             INFO Disconnected data IO:229F3AB5-AD7F-E811-9BD1-901B0E0D0345 [root://lobster4.grid.surfsara.nl:1094/pnfs/grid.sara.nl/data/lhcb/MC/Upgrade/LDST/00075829/0000/00075829_00000034_1.ldst]
RootCnvSvc                             INFO Disconnected data IO:823B3B37-F37E-E811-B5B1-0CC47A50CE02 [root://lhcbsdrm.t1.grid.kiae.ru:1094/t1.grid.kiae.ru/data/lhcb/lhcbdisk/lhcb/MC/Upgrade/LDST/00075829/0000/00075829_00000029_1.ldst]
RootCnvSvc                             INFO Disconnected data IO:865BCCAE-C976-E811-A4A3-B083FECE8C59 [root://hake7.grid.surfsara.nl:1094/pnfs/grid.sara.nl/data/lhcb/MC/Upgrade/LDST/00075829/0000/00075829_00000025_1.ldst]
XMLCatalog                             INFO File 'test_catalog.xml' does not exist. New file created.
ApplicationMgr                         INFO Application Manager Finalized successfully
ApplicationMgr                         INFO Application Manager Terminated successfully
